{"level":"debug","message":"Initializing...","module":"base","timestamp":"2023-05-04T14:00:29.950Z"}
{"level":"debug","message":"Initialized Boot controller","module":"base","timestamp":"2023-05-04T14:00:29.953Z"}
{"level":"debug","message":"Initialized User controller","module":"base","timestamp":"2023-05-04T14:00:29.953Z"}
{"level":"debug","message":"Initialized Cash controller","module":"base","timestamp":"2023-05-04T14:00:29.953Z"}
{"level":"debug","message":"Initialized Invoice controller","module":"base","timestamp":"2023-05-04T14:00:29.953Z"}
{"level":"debug","message":"Initialized Account controller","module":"base","timestamp":"2023-05-04T14:00:29.953Z"}
{"level":"debug","message":"Initialized Transaction controller","module":"base","timestamp":"2023-05-04T14:00:29.953Z"}
{"level":"debug","message":"Initialized Broadcast controller","module":"base","timestamp":"2023-05-04T14:00:29.954Z"}
{"level":"debug","message":"Loading language from config: fr","module":"i18n","timestamp":"2023-05-04T14:00:29.954Z"}
{"level":"debug","message":"Checking database connection ..","module":"boot","timestamp":"2023-05-04T14:00:33.251Z"}
{"level":"debug","message":"Connected to database.","module":"boot","timestamp":"2023-05-04T14:00:33.341Z"}
{"level":"info","message":"Framework integration is enabled.","module":"boot","timestamp":"2023-05-04T14:00:33.342Z"}
{"level":"debug","message":"Verifying exports ..","module":"boot","timestamp":"2023-05-04T14:00:33.342Z"}
{"level":"debug","message":"Checking exports from resource: pefcl-esx","module":"frameworkIntegration","timestamp":"2023-05-04T14:00:33.342Z"}
{"level":"info","message":"Starting pefcl.","module":"boot","timestamp":"2023-05-04T14:00:33.343Z"}
{"level":"debug","message":"Initializing...","module":"base","timestamp":"2023-05-04T14:01:44.695Z"}
{"level":"debug","message":"Initialized Boot controller","module":"base","timestamp":"2023-05-04T14:01:44.697Z"}
{"level":"debug","message":"Initialized User controller","module":"base","timestamp":"2023-05-04T14:01:44.698Z"}
{"level":"debug","message":"Initialized Cash controller","module":"base","timestamp":"2023-05-04T14:01:44.698Z"}
{"level":"debug","message":"Initialized Invoice controller","module":"base","timestamp":"2023-05-04T14:01:44.698Z"}
{"level":"debug","message":"Initialized Account controller","module":"base","timestamp":"2023-05-04T14:01:44.698Z"}
{"level":"debug","message":"Initialized Transaction controller","module":"base","timestamp":"2023-05-04T14:01:44.698Z"}
{"level":"debug","message":"Initialized Broadcast controller","module":"base","timestamp":"2023-05-04T14:01:44.698Z"}
{"level":"debug","message":"Loading language from config: fr","module":"i18n","timestamp":"2023-05-04T14:01:44.698Z"}
{"level":"debug","message":"Checking database connection ..","module":"boot","timestamp":"2023-05-04T14:01:45.296Z"}
{"level":"debug","message":"Connected to database.","module":"boot","timestamp":"2023-05-04T14:01:45.365Z"}
{"level":"info","message":"Framework integration is enabled.","module":"boot","timestamp":"2023-05-04T14:01:45.365Z"}
{"level":"debug","message":"Verifying exports ..","module":"boot","timestamp":"2023-05-04T14:01:45.365Z"}
{"level":"debug","message":"Checking exports from resource: pefcl-esx","module":"frameworkIntegration","timestamp":"2023-05-04T14:01:45.366Z"}
{"level":"info","message":"Starting pefcl.","module":"boot","timestamp":"2023-05-04T14:01:45.366Z"}
{"level":"debug","message":"Loading player for pefcl.","module":"user","timestamp":"2023-05-04T14:02:30.169Z"}
{"level":"debug","message":{"identifier":"char2:f3f6403e41106442b3bbe752334eb742293c8f50","name":"Deve Xeltax","source":1},"module":"user","timestamp":"2023-05-04T14:02:30.169Z"}
{"level":"debug","message":"Player loaded. Emitting: pefcl:userLoaded","module":"user","timestamp":"2023-05-04T14:02:30.171Z"}
{"level":"silly","message":"Checking if default account exists for source: 1","module":"accounts","timestamp":"2023-05-04T14:02:30.219Z"}
{"level":"silly","message":"Identifier: char2:f3f6403e41106442b3bbe752334eb742293c8f50","module":"accounts","timestamp":"2023-05-04T14:02:30.220Z"}
{"level":"info","message":"Syncing initial bank balance from framework.","module":"accounts","timestamp":"2023-05-04T14:02:30.227Z"}
{"level":"debug","message":"Checking exports from resource: pefcl-esx","module":"frameworkIntegration","timestamp":"2023-05-04T14:02:30.227Z"}
{"level":"info","message":"Moving bank balance from export to initial account.","module":"accounts","timestamp":"2023-05-04T14:02:30.228Z"}
{"level":"info","message":{"balance":759380,"identifier":"char2:f3f6403e41106442b3bbe752334eb742293c8f50"},"module":"accounts","timestamp":"2023-05-04T14:02:30.228Z"}
{"level":"debug","message":"Creating initial account .. ","module":"accounts","timestamp":"2023-05-04T14:02:30.228Z"}
{"level":"silly","message":"Broadcasting new balance for default account ..","module":"broadcastService","timestamp":"2023-05-04T14:02:30.239Z"}
{"level":"silly","message":"Broadcasted new balance for default account!","module":"broadcastService","timestamp":"2023-05-04T14:02:30.240Z"}
{"level":"silly","message":{"balance":759380,"identifier":"char2:f3f6403e41106442b3bbe752334eb742293c8f50","source":1},"module":"broadcastService","timestamp":"2023-05-04T14:02:30.240Z"}
{"level":"silly","message":"Broadcasting new balance for account ..","module":"broadcastService","timestamp":"2023-05-04T14:02:30.240Z"}
{"level":"silly","message":"Broadcasted new balance for personal account:","module":"broadcastService","timestamp":"2023-05-04T14:02:30.240Z"}
{"level":"silly","message":{"balance":759380,"identifier":"char2:f3f6403e41106442b3bbe752334eb742293c8f50","source":1},"module":"broadcastService","timestamp":"2023-05-04T14:02:30.240Z"}
{"level":"debug","message":"Successfully created initial account.","module":"accounts","timestamp":"2023-05-04T14:02:30.241Z"}
{"level":"silly","message":"netPromise > pefcl:getAccounts > RequestObj","module":"events","timestamp":"2023-05-04T14:02:30.614Z"}
{"level":"silly","message":{"data":null,"source":1},"module":"events","timestamp":"2023-05-04T14:02:30.615Z"}
{"level":"debug","message":"Retrieving accounts","module":"accounts","timestamp":"2023-05-04T14:02:30.618Z"}
{"level":"silly","message":"Response Promise Event pefcl:getAccounts:a3048ba1-8d79-415d-b4ed-dfc8ba2b878e (20.9697ms), Data >>","module":"events","timestamp":"2023-05-04T14:02:30.635Z"}
{"level":"silly","message":{"data":[{"accountName":"Compte personnel","balance":759380,"createdAt":"04/05/2023, 16:02:30","deletedAt":null,"id":1,"isDefault":true,"number":"920,3535-3544-0242","ownerIdentifier":"char2:f3f6403e41106442b3bbe752334eb742293c8f50","role":"owner","type":"personal","updatedAt":"2023-05-04T14:02:30.000Z"}],"status":"ok"},"module":"events","timestamp":"2023-05-04T14:02:30.636Z"}
{"level":"silly","message":"netPromise > pefcl:getInvoices > RequestObj","module":"events","timestamp":"2023-05-04T14:04:45.534Z"}
{"level":"silly","message":{"data":{"invoices":[],"limit":10,"offset":0,"total":0,"totalUnpaid":0},"source":1},"module":"events","timestamp":"2023-05-04T14:04:45.534Z"}
{"level":"silly","message":"Fetching user invoices ..","module":"invoice-service","timestamp":"2023-05-04T14:04:45.535Z"}
{"level":"silly","message":"netPromise > pefcl:getTransactions > RequestObj","module":"events","timestamp":"2023-05-04T14:04:45.536Z"}
{"level":"silly","message":{"data":{"limit":10,"offset":0,"total":0,"transactions":[]},"source":1},"module":"events","timestamp":"2023-05-04T14:04:45.536Z"}
{"level":"silly","message":"Getting transactions","module":"transactionService","timestamp":"2023-05-04T14:04:45.537Z"}
{"level":"silly","message":{"data":{"limit":10,"offset":0,"total":0,"transactions":[]},"source":1},"module":"transactionService","timestamp":"2023-05-04T14:04:45.537Z"}
{"level":"silly","message":"netPromise > pefcl:getTransactionsHistory > RequestObj","module":"events","timestamp":"2023-05-04T14:04:45.538Z"}
{"level":"silly","message":{"data":null,"source":1},"module":"events","timestamp":"2023-05-04T14:04:45.538Z"}
{"level":"silly","message":"Response Promise Event pefcl:getTransactionsHistory:b66e8de8-94c8-4f2b-8828-cb222437ab20 (14.4294ms), Data >>","module":"events","timestamp":"2023-05-04T14:04:45.552Z"}
{"level":"silly","message":{"data":{"expenses":0,"income":0,"lastWeek":{}},"status":"ok"},"module":"events","timestamp":"2023-05-04T14:04:45.553Z"}
{"level":"silly","message":"Returned total of 0 transactions.","module":"transactionService","timestamp":"2023-05-04T14:04:45.553Z"}
{"level":"silly","message":"Response Promise Event pefcl:getTransactions:5f024032-7c9b-442e-85c0-e8c28c7362f3 (16.9981ms), Data >>","module":"events","timestamp":"2023-05-04T14:04:45.553Z"}
{"level":"silly","message":{"data":{"limit":10,"offset":0,"total":0,"transactions":[]},"status":"ok"},"module":"events","timestamp":"2023-05-04T14:04:45.553Z"}
{"level":"silly","message":"Response Promise Event pefcl:getInvoices:dac27e68-53c7-4d03-b05c-4800d8e0406b (19.971ms), Data >>","module":"events","timestamp":"2023-05-04T14:04:45.554Z"}
{"level":"silly","message":{"data":{"invoices":[],"limit":10,"offset":0,"total":0,"totalUnpaid":0},"status":"ok"},"module":"events","timestamp":"2023-05-04T14:04:45.554Z"}
{"level":"silly","message":"netPromise > pefcl:getExternalAccount > RequestObj","module":"events","timestamp":"2023-05-04T14:05:01.149Z"}
{"level":"silly","message":{"data":null,"source":1},"module":"events","timestamp":"2023-05-04T14:05:01.149Z"}
{"level":"silly","message":"Response Promise Event pefcl:getExternalAccount:f89ba1bc-8e59-4533-a090-a8854cdebeb2 (2.7329ms), Data >>","module":"events","timestamp":"2023-05-04T14:05:01.152Z"}
{"level":"silly","message":{"data":[],"status":"ok"},"module":"events","timestamp":"2023-05-04T14:05:01.152Z"}
{"level":"silly","message":"netPromise > pefcl:getTransactions > RequestObj","module":"events","timestamp":"2023-05-04T14:05:03.254Z"}
{"level":"silly","message":{"data":{"limit":5,"offset":0},"source":1},"module":"events","timestamp":"2023-05-04T14:05:03.254Z"}
{"level":"silly","message":"Getting transactions","module":"transactionService","timestamp":"2023-05-04T14:05:03.254Z"}
{"level":"silly","message":{"data":{"limit":5,"offset":0},"source":1},"module":"transactionService","timestamp":"2023-05-04T14:05:03.254Z"}
{"level":"silly","message":"Returned total of 0 transactions.","module":"transactionService","timestamp":"2023-05-04T14:05:03.260Z"}
{"level":"silly","message":"Response Promise Event pefcl:getTransactions:ca00634f-e999-458c-a70c-6d491e248310 (6.4586ms), Data >>","module":"events","timestamp":"2023-05-04T14:05:03.260Z"}
{"level":"silly","message":{"data":{"limit":5,"offset":0,"total":0,"transactions":[]},"status":"ok"},"module":"events","timestamp":"2023-05-04T14:05:03.260Z"}
{"level":"silly","message":"netPromise > pefcl:getInvoices > RequestObj","module":"events","timestamp":"2023-05-04T14:05:04.554Z"}
{"level":"silly","message":{"data":{"limit":5,"offset":0},"source":1},"module":"events","timestamp":"2023-05-04T14:05:04.555Z"}
{"level":"silly","message":"Fetching user invoices ..","module":"invoice-service","timestamp":"2023-05-04T14:05:04.555Z"}
{"level":"silly","message":"Response Promise Event pefcl:getInvoices:f642e497-1d09-4533-8ef6-356c416b2e59 (3.98ms), Data >>","module":"events","timestamp":"2023-05-04T14:05:04.558Z"}
{"level":"silly","message":{"data":{"invoices":[],"limit":5,"offset":0,"total":0,"totalUnpaid":0},"status":"ok"},"module":"events","timestamp":"2023-05-04T14:05:04.559Z"}
{"level":"silly","message":"netPromise > pefcl:getMyCash > RequestObj","module":"events","timestamp":"2023-05-04T14:05:06.360Z"}
{"level":"silly","message":{"data":null,"source":1},"module":"events","timestamp":"2023-05-04T14:05:06.360Z"}
{"level":"debug","message":"Checking exports from resource: pefcl-esx","module":"frameworkIntegration","timestamp":"2023-05-04T14:05:06.360Z"}
{"level":"silly","message":"Response Promise Event pefcl:getMyCash:56573d36-b161-4835-9834-05cfa27c60bc (1.2578ms), Data >>","module":"events","timestamp":"2023-05-04T14:05:06.361Z"}
{"level":"silly","message":{"data":992820,"status":"ok"},"module":"events","timestamp":"2023-05-04T14:05:06.361Z"}
{"level":"silly","message":"netPromise > pefcl:getMyCash > RequestObj","module":"events","timestamp":"2023-05-04T14:05:11.116Z"}
{"level":"silly","message":{"data":null,"source":1},"module":"events","timestamp":"2023-05-04T14:05:11.116Z"}
{"level":"debug","message":"Checking exports from resource: pefcl-esx","module":"frameworkIntegration","timestamp":"2023-05-04T14:05:11.116Z"}
{"level":"silly","message":"Response Promise Event pefcl:getMyCash:155a983f-48db-4a27-95ea-02a4c0ee1191 (1.9857ms), Data >>","module":"events","timestamp":"2023-05-04T14:05:11.118Z"}
{"level":"silly","message":{"data":992820,"status":"ok"},"module":"events","timestamp":"2023-05-04T14:05:11.118Z"}
{"level":"silly","message":"netPromise > pefcl:getMyCash > RequestObj","module":"events","timestamp":"2023-05-04T14:05:12.266Z"}
{"level":"silly","message":{"data":null,"source":1},"module":"events","timestamp":"2023-05-04T14:05:12.266Z"}
{"level":"debug","message":"Checking exports from resource: pefcl-esx","module":"frameworkIntegration","timestamp":"2023-05-04T14:05:12.266Z"}
{"level":"silly","message":"Response Promise Event pefcl:getMyCash:d299e4c1-8cbc-420a-8d88-2da4ee53ccac (1.4131ms), Data >>","module":"events","timestamp":"2023-05-04T14:05:12.267Z"}
{"level":"silly","message":{"data":992820,"status":"ok"},"module":"events","timestamp":"2023-05-04T14:05:12.267Z"}
{"level":"silly","message":"netPromise > pefcl:depositMoney > RequestObj","module":"events","timestamp":"2023-05-04T14:05:17.671Z"}
{"level":"silly","message":{"data":{"accountId":1,"amount":100000,"message":"Déposé 100 000 $US sur le compte."},"source":1},"module":"events","timestamp":"2023-05-04T14:05:17.671Z"}
{"level":"silly","message":"Source \"1\" depositing \"100000\" into \"1\"","module":"accounts","timestamp":"2023-05-04T14:05:17.672Z"}
{"level":"debug","message":"Checking exports from resource: pefcl-esx","module":"frameworkIntegration","timestamp":"2023-05-04T14:05:17.674Z"}
{"level":"debug","message":"Taking 100000 from 1","module":"cash","timestamp":"2023-05-04T14:05:17.675Z"}
{"level":"debug","message":"Checking exports from resource: pefcl-esx","module":"frameworkIntegration","timestamp":"2023-05-04T14:05:17.675Z"}
{"level":"silly","message":"Broadcasting new balance for default account ..","module":"broadcastService","timestamp":"2023-05-04T14:05:17.679Z"}
{"level":"silly","message":"Broadcasted new balance for default account!","module":"broadcastService","timestamp":"2023-05-04T14:05:17.679Z"}
{"level":"silly","message":{"balance":859380,"identifier":"char2:f3f6403e41106442b3bbe752334eb742293c8f50","source":1},"module":"broadcastService","timestamp":"2023-05-04T14:05:17.679Z"}
{"level":"silly","message":"Broadcasting new balance for account ..","module":"broadcastService","timestamp":"2023-05-04T14:05:17.679Z"}
{"level":"silly","message":"Broadcasted new balance for personal account:","module":"broadcastService","timestamp":"2023-05-04T14:05:17.679Z"}
{"level":"silly","message":{"balance":859380,"identifier":"char2:f3f6403e41106442b3bbe752334eb742293c8f50","source":1},"module":"broadcastService","timestamp":"2023-05-04T14:05:17.680Z"}
{"level":"silly","message":"Created transaction.","module":"transactionService","timestamp":"2023-05-04T14:05:17.680Z"}
{"amount":100000,"level":"silly","message":"Déposé 100 000 $US sur le compte.","module":"transactionService","timestamp":"2023-05-04T14:05:17.681Z","toAccount":{"accountName":"Compte personnel","balance":859380,"createdAt":1683208950000,"deletedAt":null,"id":1,"isDefault":true,"number":"920,3535-3544-0242","ownerIdentifier":"char2:f3f6403e41106442b3bbe752334eb742293c8f50","role":"owner","type":"personal","updatedAt":"2023-05-04T14:05:17.677Z"},"type":"Incoming"}
{"level":"silly","message":"Successfully deposited 100000 into account 1","module":"accounts","timestamp":"2023-05-04T14:05:17.684Z"}
{"level":"silly","message":{"currentAccountBalance":759380,"depositionAmount":100000,"userBalance":992820},"module":"accounts","timestamp":"2023-05-04T14:05:17.684Z"}
{"level":"silly","message":"Response Promise Event pefcl:depositMoney:7bed046f-4dd4-4232-98a0-3872696ef3f6 (13.3074ms), Data >>","module":"events","timestamp":"2023-05-04T14:05:17.685Z"}
{"level":"silly","message":{"data":{},"status":"ok"},"module":"events","timestamp":"2023-05-04T14:05:17.685Z"}
{"level":"silly","message":"Emitting pefcl:newTransaction","module":"transactionService","timestamp":"2023-05-04T14:05:17.686Z"}
{"level":"silly","message":"Broadcasted transaction:","module":"broadcastService","timestamp":"2023-05-04T14:05:17.687Z"}
{"level":"silly","message":"{\"amount\":100000,\"message\":\"Déposé 100 000 $US sur le compte. #1\",\"type\":\"Incoming\",\"toAccount\":{\"createdAt\":1683208950000,\"id\":1,\"number\":\"920,3535-3544-0242\",\"accountName\":\"Compte personnel\",\"isDefault\":true,\"ownerIdentifier\":\"char2:f3f6403e41106442b3bbe752334eb742293c8f50\",\"role\":\"owner\",\"balance\":859380,\"type\":\"personal\",\"updatedAt\":{},\"deletedAt\":null},\"level\":\"silly\",\"createdAt\":1683209117681,\"id\":1,\"updatedAt\":{},\"toAccountId\":1,\"fromAccountId\":null}","module":"broadcastService","timestamp":"2023-05-04T14:05:17.687Z"}
{"level":"silly","message":"(toAccount) Broadcasting new transaction to src: 1, identifier: char2:f3f6403e41106442b3bbe752334eb742293c8f50","module":"broadcastService","timestamp":"2023-05-04T14:05:17.687Z"}
{"level":"silly","message":"netPromise > pefcl:getAccounts > RequestObj","module":"events","timestamp":"2023-05-04T14:05:17.821Z"}
{"level":"silly","message":{"data":null,"source":1},"module":"events","timestamp":"2023-05-04T14:05:17.821Z"}
{"level":"debug","message":"Retrieving accounts","module":"accounts","timestamp":"2023-05-04T14:05:17.821Z"}
{"level":"silly","message":"netPromise > pefcl:getMyCash > RequestObj","module":"events","timestamp":"2023-05-04T14:05:17.822Z"}
{"level":"silly","message":{"data":null,"source":1},"module":"events","timestamp":"2023-05-04T14:05:17.822Z"}
{"level":"debug","message":"Checking exports from resource: pefcl-esx","module":"frameworkIntegration","timestamp":"2023-05-04T14:05:17.822Z"}
{"level":"silly","message":"Response Promise Event pefcl:getMyCash:9059ff97-b389-48b0-ae3e-4c8548fcc2e8 (0.9823ms), Data >>","module":"events","timestamp":"2023-05-04T14:05:17.823Z"}
{"level":"silly","message":{"data":892820,"status":"ok"},"module":"events","timestamp":"2023-05-04T14:05:17.823Z"}
{"level":"silly","message":"netPromise > pefcl:getTransactions > RequestObj","module":"events","timestamp":"2023-05-04T14:05:17.823Z"}
{"level":"silly","message":{"data":{"limit":10,"offset":0,"total":0,"transactions":[]},"source":1},"module":"events","timestamp":"2023-05-04T14:05:17.823Z"}
{"level":"silly","message":"Getting transactions","module":"transactionService","timestamp":"2023-05-04T14:05:17.823Z"}
{"level":"silly","message":{"data":{"limit":10,"offset":0,"total":0,"transactions":[]},"source":1},"module":"transactionService","timestamp":"2023-05-04T14:05:17.823Z"}
{"level":"silly","message":"Response Promise Event pefcl:getAccounts:2b99af88-55a6-4e6f-9a1a-6861f36a45ca (8.1831ms), Data >>","module":"events","timestamp":"2023-05-04T14:05:17.829Z"}
{"level":"silly","message":{"data":[{"accountName":"Compte personnel","balance":859380,"createdAt":"04/05/2023, 16:02:30","deletedAt":null,"id":1,"isDefault":true,"number":"920,3535-3544-0242","ownerIdentifier":"char2:f3f6403e41106442b3bbe752334eb742293c8f50","role":"owner","type":"personal","updatedAt":"2023-05-04T14:05:17.000Z"}],"status":"ok"},"module":"events","timestamp":"2023-05-04T14:05:17.829Z"}
{"level":"silly","message":"Returned total of 1 transactions.","module":"transactionService","timestamp":"2023-05-04T14:05:17.833Z"}
{"level":"silly","message":"Response Promise Event pefcl:getTransactions:8f24748d-dc14-4759-9d38-f3d2fc7be7b7 (9.667ms), Data >>","module":"events","timestamp":"2023-05-04T14:05:17.833Z"}
{"level":"silly","message":{"data":{"limit":10,"offset":0,"total":1,"transactions":[{"amount":100000,"createdAt":1683209117000,"fromAccount":null,"fromAccountId":null,"id":1,"message":"Déposé 100 000 $US sur le compte. #1","toAccount":{"accountName":"Compte personnel","balance":859380,"createdAt":1683208950000,"deletedAt":null,"id":1,"isDefault":true,"number":"920,3535-3544-0242","ownerIdentifier":"char2:f3f6403e41106442b3bbe752334eb742293c8f50","role":"owner","type":"personal","updatedAt":"2023-05-04T14:05:17.000Z"},"toAccountId":1,"type":"Incoming","updatedAt":"2023-05-04T14:05:17.000Z"}]},"status":"ok"},"module":"events","timestamp":"2023-05-04T14:05:17.833Z"}
{"level":"silly","message":"netPromise > pefcl:getMyCash > RequestObj","module":"events","timestamp":"2023-05-04T14:06:18.630Z"}
{"level":"silly","message":{"data":null,"source":1},"module":"events","timestamp":"2023-05-04T14:06:18.631Z"}
{"level":"debug","message":"Checking exports from resource: pefcl-esx","module":"frameworkIntegration","timestamp":"2023-05-04T14:06:18.631Z"}
{"level":"silly","message":"Response Promise Event pefcl:getMyCash:66c1ab74-4641-478d-98a7-d314d535ff33 (1.6082ms), Data >>","module":"events","timestamp":"2023-05-04T14:06:18.632Z"}
{"level":"silly","message":{"data":892820,"status":"ok"},"module":"events","timestamp":"2023-05-04T14:06:18.632Z"}
{"level":"silly","message":"netPromise > pefcl:getTransactions > RequestObj","module":"events","timestamp":"2023-05-04T14:06:20.482Z"}
{"level":"silly","message":{"data":{"limit":5,"offset":0},"source":1},"module":"events","timestamp":"2023-05-04T14:06:20.482Z"}
{"level":"silly","message":"Getting transactions","module":"transactionService","timestamp":"2023-05-04T14:06:20.482Z"}
{"level":"silly","message":{"data":{"limit":5,"offset":0},"source":1},"module":"transactionService","timestamp":"2023-05-04T14:06:20.482Z"}
{"level":"silly","message":"Returned total of 1 transactions.","module":"transactionService","timestamp":"2023-05-04T14:06:20.492Z"}
{"level":"silly","message":"Response Promise Event pefcl:getTransactions:40790e3b-7511-477e-b6c6-6dbd90fd78e3 (10.3524ms), Data >>","module":"events","timestamp":"2023-05-04T14:06:20.492Z"}
{"level":"silly","message":{"data":{"limit":5,"offset":0,"total":1,"transactions":[{"amount":100000,"createdAt":1683209117000,"fromAccount":null,"fromAccountId":null,"id":1,"message":"Déposé 100 000 $US sur le compte. #1","toAccount":{"accountName":"Compte personnel","balance":859380,"createdAt":1683208950000,"deletedAt":null,"id":1,"isDefault":true,"number":"920,3535-3544-0242","ownerIdentifier":"char2:f3f6403e41106442b3bbe752334eb742293c8f50","role":"owner","type":"personal","updatedAt":"2023-05-04T14:05:17.000Z"},"toAccountId":1,"type":"Incoming","updatedAt":"2023-05-04T14:05:17.000Z"}]},"status":"ok"},"module":"events","timestamp":"2023-05-04T14:06:20.492Z"}
{"level":"silly","message":"netPromise > pefcl:createAccount > RequestObj","module":"events","timestamp":"2023-05-04T14:06:48.007Z"}
{"level":"silly","message":{"data":{"accountName":"Bressom","fromAccountId":1,"isShared":false},"source":1},"module":"events","timestamp":"2023-05-04T14:06:48.008Z"}
{"level":"silly","message":"Trying to create a new account ...","module":"accounts","timestamp":"2023-05-04T14:06:48.008Z"}
{"level":"silly","message":{"data":{"accountName":"Bressom","fromAccountId":1,"isShared":false},"source":1},"module":"accounts","timestamp":"2023-05-04T14:06:48.008Z"}
{"level":"silly","message":"Broadcasting new balance for account ..","module":"broadcastService","timestamp":"2023-05-04T14:06:48.015Z"}
{"level":"silly","message":"Broadcasted new balance for personal account:","module":"broadcastService","timestamp":"2023-05-04T14:06:48.015Z"}
{"level":"silly","message":{"balance":500,"identifier":"char2:f3f6403e41106442b3bbe752334eb742293c8f50","source":1},"module":"broadcastService","timestamp":"2023-05-04T14:06:48.015Z"}
{"level":"silly","message":"Broadcasting new balance for default account ..","module":"broadcastService","timestamp":"2023-05-04T14:06:48.017Z"}
{"level":"silly","message":"Broadcasted new balance for default account!","module":"broadcastService","timestamp":"2023-05-04T14:06:48.017Z"}
{"level":"silly","message":{"balance":858380,"identifier":"char2:f3f6403e41106442b3bbe752334eb742293c8f50","source":1},"module":"broadcastService","timestamp":"2023-05-04T14:06:48.017Z"}
{"level":"silly","message":"Broadcasting new balance for account ..","module":"broadcastService","timestamp":"2023-05-04T14:06:48.017Z"}
{"level":"silly","message":"Broadcasted new balance for personal account:","module":"broadcastService","timestamp":"2023-05-04T14:06:48.018Z"}
{"level":"silly","message":{"balance":858380,"identifier":"char2:f3f6403e41106442b3bbe752334eb742293c8f50","source":1},"module":"broadcastService","timestamp":"2023-05-04T14:06:48.018Z"}
{"level":"silly","message":"Created transaction.","module":"transactionService","timestamp":"2023-05-04T14:06:48.019Z"}
{"amount":1000,"fromAccount":{"accountName":"Compte personnel","balance":858380,"createdAt":1683208950000,"deletedAt":null,"id":1,"isDefault":true,"number":"920,3535-3544-0242","ownerIdentifier":"char2:f3f6403e41106442b3bbe752334eb742293c8f50","role":"owner","type":"personal","updatedAt":"2023-05-04T14:06:48.016Z"},"level":"silly","message":"Nouveau compte ouvert","module":"transactionService","timestamp":"2023-05-04T14:06:48.019Z","type":"Outgoing"}
{"level":"silly","message":"Broadcasted updated account:","module":"broadcastService","timestamp":"2023-05-04T14:06:48.022Z"}
{"level":"silly","message":"{\"createdAt\":1683209208013,\"number\":\"920,0371-3157-3885\",\"isDefault\":false,\"role\":\"owner\",\"balance\":500,\"id\":2,\"accountName\":\"Bressom\",\"type\":\"personal\",\"ownerIdentifier\":\"char2:f3f6403e41106442b3bbe752334eb742293c8f50\",\"updatedAt\":{}}","module":"broadcastService","timestamp":"2023-05-04T14:06:48.023Z"}
{"level":"silly","message":"Response Promise Event pefcl:createAccount:1a01a987-2f67-4345-8d41-b7f0ee33ed29 (15.7258ms), Data >>","module":"events","timestamp":"2023-05-04T14:06:48.023Z"}
{"level":"silly","message":{"data":{"accountName":"Bressom","balance":500,"createdAt":1683209208013,"id":2,"isDefault":false,"number":"920,0371-3157-3885","ownerIdentifier":"char2:f3f6403e41106442b3bbe752334eb742293c8f50","role":"owner","type":"personal","updatedAt":"2023-05-04T14:06:48.013Z"},"status":"ok"},"module":"events","timestamp":"2023-05-04T14:06:48.023Z"}
{"level":"silly","message":"Emitting pefcl:newTransaction","module":"transactionService","timestamp":"2023-05-04T14:06:48.024Z"}
{"level":"silly","message":"Broadcasted transaction:","module":"broadcastService","timestamp":"2023-05-04T14:06:48.025Z"}
{"level":"silly","message":"{\"amount\":1000,\"message\":\"Nouveau compte ouvert #2\",\"fromAccount\":{\"createdAt\":1683208950000,\"id\":1,\"number\":\"920,3535-3544-0242\",\"accountName\":\"Compte personnel\",\"isDefault\":true,\"ownerIdentifier\":\"char2:f3f6403e41106442b3bbe752334eb742293c8f50\",\"role\":\"owner\",\"balance\":858380,\"type\":\"personal\",\"updatedAt\":{},\"deletedAt\":null},\"type\":\"Outgoing\",\"level\":\"silly\",\"createdAt\":1683209208019,\"id\":2,\"updatedAt\":{},\"toAccountId\":null,\"fromAccountId\":1}","module":"broadcastService","timestamp":"2023-05-04T14:06:48.025Z"}
{"level":"silly","message":"(fromAccount) Broadcasting new transaction to src: 1, identifier: char2:f3f6403e41106442b3bbe752334eb742293c8f50","module":"broadcastService","timestamp":"2023-05-04T14:06:48.025Z"}
{"level":"silly","message":"netPromise > pefcl:getAccounts > RequestObj","module":"events","timestamp":"2023-05-04T14:06:48.107Z"}
{"level":"silly","message":{"data":null,"source":1},"module":"events","timestamp":"2023-05-04T14:06:48.107Z"}
{"level":"debug","message":"Retrieving accounts","module":"accounts","timestamp":"2023-05-04T14:06:48.107Z"}
{"level":"silly","message":"netPromise > pefcl:getTransactions > RequestObj","module":"events","timestamp":"2023-05-04T14:06:48.108Z"}
{"level":"silly","message":{"data":{"limit":10,"offset":0,"total":1,"transactions":[{"amount":100000,"createdAt":1683209117000,"fromAccount":null,"fromAccountId":null,"id":1,"message":"Déposé 100 000 $US sur le compte. #1","toAccount":{"accountName":"Compte personnel","balance":859380,"createdAt":1683208950000,"deletedAt":null,"id":1,"isDefault":true,"number":"920,3535-3544-0242","ownerIdentifier":"char2:f3f6403e41106442b3bbe752334eb742293c8f50","role":"owner","type":"personal","updatedAt":{}},"toAccountId":1,"type":"Incoming","updatedAt":{}}]},"source":1},"module":"events","timestamp":"2023-05-04T14:06:48.108Z"}
{"level":"silly","message":"Getting transactions","module":"transactionService","timestamp":"2023-05-04T14:06:48.108Z"}
{"level":"silly","message":{"data":{"limit":10,"offset":0,"total":1,"transactions":[{"amount":100000,"createdAt":1683209117000,"fromAccount":null,"fromAccountId":null,"id":1,"message":"Déposé 100 000 $US sur le compte. #1","toAccount":{"accountName":"Compte personnel","balance":859380,"createdAt":1683208950000,"deletedAt":null,"id":1,"isDefault":true,"number":"920,3535-3544-0242","ownerIdentifier":"char2:f3f6403e41106442b3bbe752334eb742293c8f50","role":"owner","type":"personal","updatedAt":{}},"toAccountId":1,"type":"Incoming","updatedAt":{}}]},"source":1},"module":"transactionService","timestamp":"2023-05-04T14:06:48.109Z"}
{"level":"silly","message":"netPromise > pefcl:getTransactions > RequestObj","module":"events","timestamp":"2023-05-04T14:06:48.109Z"}
{"level":"silly","message":{"data":{"limit":10,"offset":0,"total":1,"transactions":[{"amount":100000,"createdAt":1683209117000,"fromAccount":null,"fromAccountId":null,"id":1,"message":"Déposé 100 000 $US sur le compte. #1","toAccount":{"accountName":"Compte personnel","balance":859380,"createdAt":1683208950000,"deletedAt":null,"id":1,"isDefault":true,"number":"920,3535-3544-0242","ownerIdentifier":"char2:f3f6403e41106442b3bbe752334eb742293c8f50","role":"owner","type":"personal","updatedAt":{}},"toAccountId":1,"type":"Incoming","updatedAt":{}}]},"source":1},"module":"events","timestamp":"2023-05-04T14:06:48.109Z"}
{"level":"silly","message":"Getting transactions","module":"transactionService","timestamp":"2023-05-04T14:06:48.110Z"}
{"level":"silly","message":{"data":{"limit":10,"offset":0,"total":1,"transactions":[{"amount":100000,"createdAt":1683209117000,"fromAccount":null,"fromAccountId":null,"id":1,"message":"Déposé 100 000 $US sur le compte. #1","toAccount":{"accountName":"Compte personnel","balance":859380,"createdAt":1683208950000,"deletedAt":null,"id":1,"isDefault":true,"number":"920,3535-3544-0242","ownerIdentifier":"char2:f3f6403e41106442b3bbe752334eb742293c8f50","role":"owner","type":"personal","updatedAt":{}},"toAccountId":1,"type":"Incoming","updatedAt":{}}]},"source":1},"module":"transactionService","timestamp":"2023-05-04T14:06:48.110Z"}
{"level":"silly","message":"Response Promise Event pefcl:getAccounts:237211c6-e832-4db5-9055-d9d0dfe8aa78 (9.8217ms), Data >>","module":"events","timestamp":"2023-05-04T14:06:48.117Z"}
{"level":"silly","message":{"data":[{"accountName":"Compte personnel","balance":858380,"createdAt":"04/05/2023, 16:02:30","deletedAt":null,"id":1,"isDefault":true,"number":"920,3535-3544-0242","ownerIdentifier":"char2:f3f6403e41106442b3bbe752334eb742293c8f50","role":"owner","type":"personal","updatedAt":"2023-05-04T14:06:48.000Z"},{"accountName":"Bressom","balance":500,"createdAt":"04/05/2023, 16:06:48","deletedAt":null,"id":2,"isDefault":false,"number":"920,0371-3157-3885","ownerIdentifier":"char2:f3f6403e41106442b3bbe752334eb742293c8f50","role":"owner","type":"personal","updatedAt":"2023-05-04T14:06:48.000Z"}],"status":"ok"},"module":"events","timestamp":"2023-05-04T14:06:48.117Z"}
{"level":"silly","message":"Returned total of 2 transactions.","module":"transactionService","timestamp":"2023-05-04T14:06:48.122Z"}
{"level":"silly","message":"Response Promise Event pefcl:getTransactions:4c48e5ac-a44a-4b82-b08e-6706aff55a8b (14.4052ms), Data >>","module":"events","timestamp":"2023-05-04T14:06:48.123Z"}
{"level":"silly","message":{"data":{"limit":10,"offset":0,"total":2,"transactions":[{"amount":1000,"createdAt":1683209208000,"fromAccount":{"accountName":"Compte personnel","balance":858380,"createdAt":1683208950000,"deletedAt":null,"id":1,"isDefault":true,"number":"920,3535-3544-0242","ownerIdentifier":"char2:f3f6403e41106442b3bbe752334eb742293c8f50","role":"owner","type":"personal","updatedAt":"2023-05-04T14:06:48.000Z"},"fromAccountId":1,"id":2,"message":"Nouveau compte ouvert #2","toAccount":null,"toAccountId":null,"type":"Outgoing","updatedAt":"2023-05-04T14:06:48.000Z"},{"amount":100000,"createdAt":1683209117000,"fromAccount":null,"fromAccountId":null,"id":1,"message":"Déposé 100 000 $US sur le compte. #1","toAccount":{"accountName":"Compte personnel","balance":858380,"createdAt":1683208950000,"deletedAt":null,"id":1,"isDefault":true,"number":"920,3535-3544-0242","ownerIdentifier":"char2:f3f6403e41106442b3bbe752334eb742293c8f50","role":"owner","type":"personal","updatedAt":"2023-05-04T14:06:48.000Z"},"toAccountId":1,"type":"Incoming","updatedAt":"2023-05-04T14:05:17.000Z"}]},"status":"ok"},"module":"events","timestamp":"2023-05-04T14:06:48.123Z"}
{"level":"silly","message":"Returned total of 2 transactions.","module":"transactionService","timestamp":"2023-05-04T14:06:48.123Z"}
{"level":"silly","message":"Response Promise Event pefcl:getTransactions:456cec4f-3192-495b-a6d6-7d34ddee97d0 (14.3704ms), Data >>","module":"events","timestamp":"2023-05-04T14:06:48.124Z"}
{"level":"silly","message":{"data":{"limit":10,"offset":0,"total":2,"transactions":[{"amount":1000,"createdAt":1683209208000,"fromAccount":{"accountName":"Compte personnel","balance":858380,"createdAt":1683208950000,"deletedAt":null,"id":1,"isDefault":true,"number":"920,3535-3544-0242","ownerIdentifier":"char2:f3f6403e41106442b3bbe752334eb742293c8f50","role":"owner","type":"personal","updatedAt":"2023-05-04T14:06:48.000Z"},"fromAccountId":1,"id":2,"message":"Nouveau compte ouvert #2","toAccount":null,"toAccountId":null,"type":"Outgoing","updatedAt":"2023-05-04T14:06:48.000Z"},{"amount":100000,"createdAt":1683209117000,"fromAccount":null,"fromAccountId":null,"id":1,"message":"Déposé 100 000 $US sur le compte. #1","toAccount":{"accountName":"Compte personnel","balance":858380,"createdAt":1683208950000,"deletedAt":null,"id":1,"isDefault":true,"number":"920,3535-3544-0242","ownerIdentifier":"char2:f3f6403e41106442b3bbe752334eb742293c8f50","role":"owner","type":"personal","updatedAt":"2023-05-04T14:06:48.000Z"},"toAccountId":1,"type":"Incoming","updatedAt":"2023-05-04T14:05:17.000Z"}]},"status":"ok"},"module":"events","timestamp":"2023-05-04T14:06:48.124Z"}
{"level":"silly","message":"netPromise > pefcl:getTransactionsHistory > RequestObj","module":"events","timestamp":"2023-05-04T14:06:58.064Z"}
{"level":"silly","message":{"data":null,"source":1},"module":"events","timestamp":"2023-05-04T14:06:58.065Z"}
{"level":"silly","message":"Response Promise Event pefcl:getTransactionsHistory:44ee52bd-130b-4285-b32d-c693e2a9bf52 (5.7232ms), Data >>","module":"events","timestamp":"2023-05-04T14:06:58.070Z"}
{"level":"silly","message":{"data":{"expenses":-1000,"income":100000,"lastWeek":{"Thu May 04 2023":{"expenses":-1000,"income":100000}}},"status":"ok"},"module":"events","timestamp":"2023-05-04T14:06:58.070Z"}
{"level":"silly","message":"netPromise > pefcl:getTransactions > RequestObj","module":"events","timestamp":"2023-05-04T14:07:07.370Z"}
{"level":"silly","message":{"data":{"limit":5,"offset":0},"source":1},"module":"events","timestamp":"2023-05-04T14:07:07.370Z"}
{"level":"silly","message":"Getting transactions","module":"transactionService","timestamp":"2023-05-04T14:07:07.370Z"}
{"level":"silly","message":{"data":{"limit":5,"offset":0},"source":1},"module":"transactionService","timestamp":"2023-05-04T14:07:07.371Z"}
{"level":"silly","message":"Returned total of 2 transactions.","module":"transactionService","timestamp":"2023-05-04T14:07:07.377Z"}
{"level":"silly","message":"Response Promise Event pefcl:getTransactions:3aa10c2b-ebe3-475e-accb-5fc2af926a7f (7.0383ms), Data >>","module":"events","timestamp":"2023-05-04T14:07:07.377Z"}
{"level":"silly","message":{"data":{"limit":5,"offset":0,"total":2,"transactions":[{"amount":1000,"createdAt":1683209208000,"fromAccount":{"accountName":"Compte personnel","balance":858380,"createdAt":1683208950000,"deletedAt":null,"id":1,"isDefault":true,"number":"920,3535-3544-0242","ownerIdentifier":"char2:f3f6403e41106442b3bbe752334eb742293c8f50","role":"owner","type":"personal","updatedAt":"2023-05-04T14:06:48.000Z"},"fromAccountId":1,"id":2,"message":"Nouveau compte ouvert #2","toAccount":null,"toAccountId":null,"type":"Outgoing","updatedAt":"2023-05-04T14:06:48.000Z"},{"amount":100000,"createdAt":1683209117000,"fromAccount":null,"fromAccountId":null,"id":1,"message":"Déposé 100 000 $US sur le compte. #1","toAccount":{"accountName":"Compte personnel","balance":858380,"createdAt":1683208950000,"deletedAt":null,"id":1,"isDefault":true,"number":"920,3535-3544-0242","ownerIdentifier":"char2:f3f6403e41106442b3bbe752334eb742293c8f50","role":"owner","type":"personal","updatedAt":"2023-05-04T14:06:48.000Z"},"toAccountId":1,"type":"Incoming","updatedAt":"2023-05-04T14:05:17.000Z"}]},"status":"ok"},"module":"events","timestamp":"2023-05-04T14:07:07.377Z"}
{"level":"silly","message":"netPromise > pefcl:getInvoices > RequestObj","module":"events","timestamp":"2023-05-04T14:07:08.929Z"}
{"level":"silly","message":{"data":{"limit":5,"offset":0},"source":1},"module":"events","timestamp":"2023-05-04T14:07:08.929Z"}
{"level":"silly","message":"Fetching user invoices ..","module":"invoice-service","timestamp":"2023-05-04T14:07:08.929Z"}
{"level":"silly","message":"Response Promise Event pefcl:getInvoices:02ed2e78-24e5-43f7-b885-2605d3278d0e (3.4101ms), Data >>","module":"events","timestamp":"2023-05-04T14:07:08.932Z"}
{"level":"silly","message":{"data":{"invoices":[],"limit":5,"offset":0,"total":0,"totalUnpaid":0},"status":"ok"},"module":"events","timestamp":"2023-05-04T14:07:08.932Z"}
{"level":"silly","message":"netPromise > pefcl:getMyCash > RequestObj","module":"events","timestamp":"2023-05-04T14:07:10.229Z"}
{"level":"silly","message":{"data":null,"source":1},"module":"events","timestamp":"2023-05-04T14:07:10.230Z"}
{"level":"debug","message":"Checking exports from resource: pefcl-esx","module":"frameworkIntegration","timestamp":"2023-05-04T14:07:10.230Z"}
{"level":"silly","message":"Response Promise Event pefcl:getMyCash:754a3f3e-9263-4bac-8f9c-114a57bf3022 (1.3584ms), Data >>","module":"events","timestamp":"2023-05-04T14:07:10.231Z"}
{"level":"silly","message":{"data":892820,"status":"ok"},"module":"events","timestamp":"2023-05-04T14:07:10.231Z"}
{"level":"silly","message":"netPromise > pefcl:getTransactionsHistory > RequestObj","module":"events","timestamp":"2023-05-04T14:07:13.885Z"}
{"level":"silly","message":{"data":null,"source":1},"module":"events","timestamp":"2023-05-04T14:07:13.885Z"}
{"level":"silly","message":"Response Promise Event pefcl:getTransactionsHistory:56ff5492-cb68-4327-b3d4-cba2b13b3545 (4.7031ms), Data >>","module":"events","timestamp":"2023-05-04T14:07:13.889Z"}
{"level":"silly","message":{"data":{"expenses":-1000,"income":100000,"lastWeek":{"Thu May 04 2023":{"expenses":-1000,"income":100000}}},"status":"ok"},"module":"events","timestamp":"2023-05-04T14:07:13.890Z"}
{"level":"silly","message":"netPromise > pefcl:createAccount > RequestObj","module":"events","timestamp":"2023-05-04T14:07:24.788Z"}
{"level":"silly","message":{"data":{"accountName":"TEST Partage","fromAccountId":1,"isShared":true},"source":1},"module":"events","timestamp":"2023-05-04T14:07:24.788Z"}
{"level":"silly","message":"Trying to create a new account ...","module":"accounts","timestamp":"2023-05-04T14:07:24.788Z"}
{"level":"silly","message":{"data":{"accountName":"TEST Partage","fromAccountId":1,"isShared":true},"source":1},"module":"accounts","timestamp":"2023-05-04T14:07:24.788Z"}
{"level":"silly","message":"Broadcasting new balance for account ..","module":"broadcastService","timestamp":"2023-05-04T14:07:24.793Z"}
{"level":"silly","message":"Broadcasting new balance for default account ..","module":"broadcastService","timestamp":"2023-05-04T14:07:24.798Z"}
{"level":"silly","message":"Broadcasted new balance for default account!","module":"broadcastService","timestamp":"2023-05-04T14:07:24.798Z"}
{"level":"silly","message":{"balance":857380,"identifier":"char2:f3f6403e41106442b3bbe752334eb742293c8f50","source":1},"module":"broadcastService","timestamp":"2023-05-04T14:07:24.798Z"}
{"level":"silly","message":"Broadcasting new balance for account ..","module":"broadcastService","timestamp":"2023-05-04T14:07:24.799Z"}
{"level":"silly","message":"Broadcasted new balance for personal account:","module":"broadcastService","timestamp":"2023-05-04T14:07:24.799Z"}
{"level":"silly","message":{"balance":857380,"identifier":"char2:f3f6403e41106442b3bbe752334eb742293c8f50","source":1},"module":"broadcastService","timestamp":"2023-05-04T14:07:24.799Z"}
{"level":"silly","message":"Created transaction.","module":"transactionService","timestamp":"2023-05-04T14:07:24.800Z"}
{"amount":1000,"fromAccount":{"accountName":"Compte personnel","balance":857380,"createdAt":1683208950000,"deletedAt":null,"id":1,"isDefault":true,"number":"920,3535-3544-0242","ownerIdentifier":"char2:f3f6403e41106442b3bbe752334eb742293c8f50","role":"owner","type":"personal","updatedAt":"2023-05-04T14:07:24.797Z"},"level":"silly","message":"Nouveau compte ouvert","module":"transactionService","timestamp":"2023-05-04T14:07:24.800Z","type":"Outgoing"}
{"level":"silly","message":"Broadcasted updated account:","module":"broadcastService","timestamp":"2023-05-04T14:07:24.803Z"}
{"level":"silly","message":"{\"createdAt\":1683209244791,\"number\":\"920,1677-1261-3483\",\"isDefault\":false,\"role\":\"owner\",\"balance\":500,\"id\":3,\"accountName\":\"TEST Partage\",\"type\":\"shared\",\"ownerIdentifier\":\"char2:f3f6403e41106442b3bbe752334eb742293c8f50\",\"updatedAt\":{}}","module":"broadcastService","timestamp":"2023-05-04T14:07:24.803Z"}
{"level":"silly","message":"Response Promise Event pefcl:createAccount:93775fb5-3517-4246-8842-a8377556551b (15.7956ms), Data >>","module":"events","timestamp":"2023-05-04T14:07:24.804Z"}
{"level":"silly","message":{"data":{"accountName":"TEST Partage","balance":500,"createdAt":1683209244791,"id":3,"isDefault":false,"number":"920,1677-1261-3483","ownerIdentifier":"char2:f3f6403e41106442b3bbe752334eb742293c8f50","role":"owner","type":"shared","updatedAt":"2023-05-04T14:07:24.791Z"},"status":"ok"},"module":"events","timestamp":"2023-05-04T14:07:24.804Z"}
{"level":"silly","message":"Emitting pefcl:newTransaction","module":"transactionService","timestamp":"2023-05-04T14:07:24.805Z"}
{"level":"silly","message":"Broadcasted transaction:","module":"broadcastService","timestamp":"2023-05-04T14:07:24.805Z"}
{"level":"silly","message":"{\"amount\":1000,\"message\":\"Nouveau compte ouvert #3\",\"fromAccount\":{\"createdAt\":1683208950000,\"id\":1,\"number\":\"920,3535-3544-0242\",\"accountName\":\"Compte personnel\",\"isDefault\":true,\"ownerIdentifier\":\"char2:f3f6403e41106442b3bbe752334eb742293c8f50\",\"role\":\"owner\",\"balance\":857380,\"type\":\"personal\",\"updatedAt\":{},\"deletedAt\":null},\"type\":\"Outgoing\",\"level\":\"silly\",\"createdAt\":1683209244801,\"id\":3,\"updatedAt\":{},\"toAccountId\":null,\"fromAccountId\":1}","module":"broadcastService","timestamp":"2023-05-04T14:07:24.805Z"}
{"level":"silly","message":"(fromAccount) Broadcasting new transaction to src: 1, identifier: char2:f3f6403e41106442b3bbe752334eb742293c8f50","module":"broadcastService","timestamp":"2023-05-04T14:07:24.806Z"}
{"level":"silly","message":"netPromise > pefcl:getAccounts > RequestObj","module":"events","timestamp":"2023-05-04T14:07:24.887Z"}
{"level":"silly","message":{"data":null,"source":1},"module":"events","timestamp":"2023-05-04T14:07:24.887Z"}
{"level":"debug","message":"Retrieving accounts","module":"accounts","timestamp":"2023-05-04T14:07:24.887Z"}
{"level":"silly","message":"netPromise > pefcl:getTransactions > RequestObj","module":"events","timestamp":"2023-05-04T14:07:24.888Z"}
{"level":"silly","message":{"data":{"limit":10,"offset":0,"total":2,"transactions":[{"amount":1000,"createdAt":1683209208000,"fromAccount":{"accountName":"Compte personnel","balance":858380,"createdAt":1683208950000,"deletedAt":null,"id":1,"isDefault":true,"number":"920,3535-3544-0242","ownerIdentifier":"char2:f3f6403e41106442b3bbe752334eb742293c8f50","role":"owner","type":"personal","updatedAt":{}},"fromAccountId":1,"id":2,"message":"Nouveau compte ouvert #2","toAccount":null,"toAccountId":null,"type":"Outgoing","updatedAt":{}},{"amount":100000,"createdAt":1683209117000,"fromAccount":null,"fromAccountId":null,"id":1,"message":"Déposé 100 000 $US sur le compte. #1","toAccount":{"accountName":"Compte personnel","balance":858380,"createdAt":1683208950000,"deletedAt":null,"id":1,"isDefault":true,"number":"920,3535-3544-0242","ownerIdentifier":"char2:f3f6403e41106442b3bbe752334eb742293c8f50","role":"owner","type":"personal","updatedAt":{}},"toAccountId":1,"type":"Incoming","updatedAt":{}}]},"source":1},"module":"events","timestamp":"2023-05-04T14:07:24.888Z"}
{"level":"silly","message":"Getting transactions","module":"transactionService","timestamp":"2023-05-04T14:07:24.889Z"}
{"level":"silly","message":{"data":{"limit":10,"offset":0,"total":2,"transactions":[{"amount":1000,"createdAt":1683209208000,"fromAccount":{"accountName":"Compte personnel","balance":858380,"createdAt":1683208950000,"deletedAt":null,"id":1,"isDefault":true,"number":"920,3535-3544-0242","ownerIdentifier":"char2:f3f6403e41106442b3bbe752334eb742293c8f50","role":"owner","type":"personal","updatedAt":{}},"fromAccountId":1,"id":2,"message":"Nouveau compte ouvert #2","toAccount":null,"toAccountId":null,"type":"Outgoing","updatedAt":{}},{"amount":100000,"createdAt":1683209117000,"fromAccount":null,"fromAccountId":null,"id":1,"message":"Déposé 100 000 $US sur le compte. #1","toAccount":{"accountName":"Compte personnel","balance":858380,"createdAt":1683208950000,"deletedAt":null,"id":1,"isDefault":true,"number":"920,3535-3544-0242","ownerIdentifier":"char2:f3f6403e41106442b3bbe752334eb742293c8f50","role":"owner","type":"personal","updatedAt":{}},"toAccountId":1,"type":"Incoming","updatedAt":{}}]},"source":1},"module":"transactionService","timestamp":"2023-05-04T14:07:24.889Z"}
{"level":"silly","message":"netPromise > pefcl:getTransactions > RequestObj","module":"events","timestamp":"2023-05-04T14:07:24.890Z"}
{"level":"silly","message":{"data":{"limit":10,"offset":0,"total":2,"transactions":[{"amount":1000,"createdAt":1683209208000,"fromAccount":{"accountName":"Compte personnel","balance":858380,"createdAt":1683208950000,"deletedAt":null,"id":1,"isDefault":true,"number":"920,3535-3544-0242","ownerIdentifier":"char2:f3f6403e41106442b3bbe752334eb742293c8f50","role":"owner","type":"personal","updatedAt":{}},"fromAccountId":1,"id":2,"message":"Nouveau compte ouvert #2","toAccount":null,"toAccountId":null,"type":"Outgoing","updatedAt":{}},{"amount":100000,"createdAt":1683209117000,"fromAccount":null,"fromAccountId":null,"id":1,"message":"Déposé 100 000 $US sur le compte. #1","toAccount":{"accountName":"Compte personnel","balance":858380,"createdAt":1683208950000,"deletedAt":null,"id":1,"isDefault":true,"number":"920,3535-3544-0242","ownerIdentifier":"char2:f3f6403e41106442b3bbe752334eb742293c8f50","role":"owner","type":"personal","updatedAt":{}},"toAccountId":1,"type":"Incoming","updatedAt":{}}]},"source":1},"module":"events","timestamp":"2023-05-04T14:07:24.890Z"}
{"level":"silly","message":"Getting transactions","module":"transactionService","timestamp":"2023-05-04T14:07:24.891Z"}
{"level":"silly","message":{"data":{"limit":10,"offset":0,"total":2,"transactions":[{"amount":1000,"createdAt":1683209208000,"fromAccount":{"accountName":"Compte personnel","balance":858380,"createdAt":1683208950000,"deletedAt":null,"id":1,"isDefault":true,"number":"920,3535-3544-0242","ownerIdentifier":"char2:f3f6403e41106442b3bbe752334eb742293c8f50","role":"owner","type":"personal","updatedAt":{}},"fromAccountId":1,"id":2,"message":"Nouveau compte ouvert #2","toAccount":null,"toAccountId":null,"type":"Outgoing","updatedAt":{}},{"amount":100000,"createdAt":1683209117000,"fromAccount":null,"fromAccountId":null,"id":1,"message":"Déposé 100 000 $US sur le compte. #1","toAccount":{"accountName":"Compte personnel","balance":858380,"createdAt":1683208950000,"deletedAt":null,"id":1,"isDefault":true,"number":"920,3535-3544-0242","ownerIdentifier":"char2:f3f6403e41106442b3bbe752334eb742293c8f50","role":"owner","type":"personal","updatedAt":{}},"toAccountId":1,"type":"Incoming","updatedAt":{}}]},"source":1},"module":"transactionService","timestamp":"2023-05-04T14:07:24.891Z"}
{"level":"silly","message":"Response Promise Event pefcl:getAccounts:42d6cf48-7dba-4034-8a43-c0e84cae4913 (11.4492ms), Data >>","module":"events","timestamp":"2023-05-04T14:07:24.899Z"}
{"level":"silly","message":{"data":[{"accountName":"Compte personnel","balance":857380,"createdAt":"04/05/2023, 16:02:30","deletedAt":null,"id":1,"isDefault":true,"number":"920,3535-3544-0242","ownerIdentifier":"char2:f3f6403e41106442b3bbe752334eb742293c8f50","role":"owner","type":"personal","updatedAt":"2023-05-04T14:07:24.000Z"},{"accountName":"Bressom","balance":500,"createdAt":"04/05/2023, 16:06:48","deletedAt":null,"id":2,"isDefault":false,"number":"920,0371-3157-3885","ownerIdentifier":"char2:f3f6403e41106442b3bbe752334eb742293c8f50","role":"owner","type":"personal","updatedAt":"2023-05-04T14:06:48.000Z"},{"accountName":"TEST Partage","balance":500,"createdAt":"04/05/2023, 16:07:24","deletedAt":null,"id":3,"isDefault":false,"number":"920,1677-1261-3483","ownerIdentifier":"char2:f3f6403e41106442b3bbe752334eb742293c8f50","role":"owner","type":"shared","updatedAt":"2023-05-04T14:07:24.000Z"}],"status":"ok"},"module":"events","timestamp":"2023-05-04T14:07:24.899Z"}
{"level":"silly","message":"Returned total of 3 transactions.","module":"transactionService","timestamp":"2023-05-04T14:07:24.904Z"}
{"level":"silly","message":"Response Promise Event pefcl:getTransactions:5457fbfa-8c05-4eaf-b195-6e8aa4659ae5 (16.5867ms), Data >>","module":"events","timestamp":"2023-05-04T14:07:24.905Z"}
{"level":"silly","message":{"data":{"limit":10,"offset":0,"total":3,"transactions":[{"amount":1000,"createdAt":1683209244000,"fromAccount":{"accountName":"Compte personnel","balance":857380,"createdAt":1683208950000,"deletedAt":null,"id":1,"isDefault":true,"number":"920,3535-3544-0242","ownerIdentifier":"char2:f3f6403e41106442b3bbe752334eb742293c8f50","role":"owner","type":"personal","updatedAt":"2023-05-04T14:07:24.000Z"},"fromAccountId":1,"id":3,"message":"Nouveau compte ouvert #3","toAccount":null,"toAccountId":null,"type":"Outgoing","updatedAt":"2023-05-04T14:07:24.000Z"},{"amount":1000,"createdAt":1683209208000,"fromAccount":{"accountName":"Compte personnel","balance":857380,"createdAt":1683208950000,"deletedAt":null,"id":1,"isDefault":true,"number":"920,3535-3544-0242","ownerIdentifier":"char2:f3f6403e41106442b3bbe752334eb742293c8f50","role":"owner","type":"personal","updatedAt":"2023-05-04T14:07:24.000Z"},"fromAccountId":1,"id":2,"message":"Nouveau compte ouvert #2","toAccount":null,"toAccountId":null,"type":"Outgoing","updatedAt":"2023-05-04T14:06:48.000Z"},{"amount":100000,"createdAt":1683209117000,"fromAccount":null,"fromAccountId":null,"id":1,"message":"Déposé 100 000 $US sur le compte. #1","toAccount":{"accountName":"Compte personnel","balance":857380,"createdAt":1683208950000,"deletedAt":null,"id":1,"isDefault":true,"number":"920,3535-3544-0242","ownerIdentifier":"char2:f3f6403e41106442b3bbe752334eb742293c8f50","role":"owner","type":"personal","updatedAt":"2023-05-04T14:07:24.000Z"},"toAccountId":1,"type":"Incoming","updatedAt":"2023-05-04T14:05:17.000Z"}]},"status":"ok"},"module":"events","timestamp":"2023-05-04T14:07:24.905Z"}
{"level":"silly","message":"Returned total of 3 transactions.","module":"transactionService","timestamp":"2023-05-04T14:07:24.906Z"}
{"level":"silly","message":"Response Promise Event pefcl:getTransactions:31e8462e-d251-456d-ae35-48751a5b027a (16.02ms), Data >>","module":"events","timestamp":"2023-05-04T14:07:24.906Z"}
{"level":"silly","message":{"data":{"limit":10,"offset":0,"total":3,"transactions":[{"amount":1000,"createdAt":1683209244000,"fromAccount":{"accountName":"Compte personnel","balance":857380,"createdAt":1683208950000,"deletedAt":null,"id":1,"isDefault":true,"number":"920,3535-3544-0242","ownerIdentifier":"char2:f3f6403e41106442b3bbe752334eb742293c8f50","role":"owner","type":"personal","updatedAt":"2023-05-04T14:07:24.000Z"},"fromAccountId":1,"id":3,"message":"Nouveau compte ouvert #3","toAccount":null,"toAccountId":null,"type":"Outgoing","updatedAt":"2023-05-04T14:07:24.000Z"},{"amount":1000,"createdAt":1683209208000,"fromAccount":{"accountName":"Compte personnel","balance":857380,"createdAt":1683208950000,"deletedAt":null,"id":1,"isDefault":true,"number":"920,3535-3544-0242","ownerIdentifier":"char2:f3f6403e41106442b3bbe752334eb742293c8f50","role":"owner","type":"personal","updatedAt":"2023-05-04T14:07:24.000Z"},"fromAccountId":1,"id":2,"message":"Nouveau compte ouvert #2","toAccount":null,"toAccountId":null,"type":"Outgoing","updatedAt":"2023-05-04T14:06:48.000Z"},{"amount":100000,"createdAt":1683209117000,"fromAccount":null,"fromAccountId":null,"id":1,"message":"Déposé 100 000 $US sur le compte. #1","toAccount":{"accountName":"Compte personnel","balance":857380,"createdAt":1683208950000,"deletedAt":null,"id":1,"isDefault":true,"number":"920,3535-3544-0242","ownerIdentifier":"char2:f3f6403e41106442b3bbe752334eb742293c8f50","role":"owner","type":"personal","updatedAt":"2023-05-04T14:07:24.000Z"},"toAccountId":1,"type":"Incoming","updatedAt":"2023-05-04T14:05:17.000Z"}]},"status":"ok"},"module":"events","timestamp":"2023-05-04T14:07:24.907Z"}
{"level":"silly","message":"netPromise > pefcl:userEventsGetUsers > RequestObj","module":"events","timestamp":"2023-05-04T14:07:36.600Z"}
{"level":"silly","message":{"data":null,"source":1},"module":"events","timestamp":"2023-05-04T14:07:36.600Z"}
{"level":"silly","message":"netPromise > pefcl:sharedAccountsGetUsers > RequestObj","module":"events","timestamp":"2023-05-04T14:07:36.600Z"}
{"level":"silly","message":{"data":{"accountId":3},"source":1},"module":"events","timestamp":"2023-05-04T14:07:36.600Z"}
{"level":"debug","message":"Authorizing user char2:f3f6403e41106442b3bbe752334eb742293c8f50 for account: 3","module":"auth","timestamp":"2023-05-04T14:07:36.601Z"}
{"level":"silly","message":"Response Promise Event pefcl:userEventsGetUsers:99074d4c-fbf2-420d-a88f-e3b62a7ec318 (2.5254ms), Data >>","module":"events","timestamp":"2023-05-04T14:07:36.602Z"}
{"level":"silly","message":{"data":[{"identifier":"char2:f3f6403e41106442b3bbe752334eb742293c8f50","name":"Deve Xeltax","source":1}],"status":"ok"},"module":"events","timestamp":"2023-05-04T14:07:36.602Z"}
{"level":"silly","message":"Response Promise Event pefcl:sharedAccountsGetUsers:c20f5b57-1e7e-49bc-907b-09438dddd06e (4.1852ms), Data >>","module":"events","timestamp":"2023-05-04T14:07:36.605Z"}
{"level":"silly","message":{"data":[{"name":"Deve Xeltax","role":"owner","userIdentifier":"char2:f3f6403e41106442b3bbe752334eb742293c8f50"}],"status":"ok"},"module":"events","timestamp":"2023-05-04T14:07:36.605Z"}
{"level":"silly","message":"netPromise > pefcl:deleteAccount > RequestObj","module":"events","timestamp":"2023-05-04T14:08:05.472Z"}
{"level":"silly","message":{"data":{"accountId":2},"source":1},"module":"events","timestamp":"2023-05-04T14:08:05.472Z"}
{"level":"debug","message":"Authorizing user char2:f3f6403e41106442b3bbe752334eb742293c8f50 for account: 2","module":"auth","timestamp":"2023-05-04T14:08:05.473Z"}
{"level":"silly","message":"Trying to DELETE account ...","module":"accounts","timestamp":"2023-05-04T14:08:05.474Z"}
{"level":"silly","message":{"data":{"accountId":2},"source":1},"module":"accounts","timestamp":"2023-05-04T14:08:05.474Z"}
{"level":"silly","message":"Created transaction.","module":"transactionService","timestamp":"2023-05-04T14:08:05.477Z"}
{"amount":500,"fromAccount":{"accountName":"Bressom","balance":500,"createdAt":1683209208000,"deletedAt":null,"id":2,"isDefault":false,"number":"920,0371-3157-3885","ownerIdentifier":"char2:f3f6403e41106442b3bbe752334eb742293c8f50","role":"owner","type":"personal","updatedAt":"2023-05-04T14:06:48.000Z"},"level":"silly","message":"Fonds restants de « Bressom »","module":"transactionService","timestamp":"2023-05-04T14:08:05.477Z","toAccount":{"accountName":"Compte personnel","balance":857380,"createdAt":1683208950000,"deletedAt":null,"id":1,"isDefault":true,"number":"920,3535-3544-0242","ownerIdentifier":"char2:f3f6403e41106442b3bbe752334eb742293c8f50","role":"owner","type":"personal","updatedAt":"2023-05-04T14:07:24.000Z"},"type":"Transfer"}
{"level":"silly","message":"Broadcasting new balance for default account ..","module":"broadcastService","timestamp":"2023-05-04T14:08:05.482Z"}
{"level":"silly","message":"Broadcasted new balance for default account!","module":"broadcastService","timestamp":"2023-05-04T14:08:05.482Z"}
{"level":"silly","message":{"balance":857880,"identifier":"char2:f3f6403e41106442b3bbe752334eb742293c8f50","source":1},"module":"broadcastService","timestamp":"2023-05-04T14:08:05.482Z"}
{"level":"silly","message":"Broadcasting new balance for account ..","module":"broadcastService","timestamp":"2023-05-04T14:08:05.482Z"}
{"level":"silly","message":"Broadcasted new balance for personal account:","module":"broadcastService","timestamp":"2023-05-04T14:08:05.483Z"}
{"level":"silly","message":{"balance":857880,"identifier":"char2:f3f6403e41106442b3bbe752334eb742293c8f50","source":1},"module":"broadcastService","timestamp":"2023-05-04T14:08:05.483Z"}
{"level":"silly","message":"Broadcasted updated account:","module":"broadcastService","timestamp":"2023-05-04T14:08:05.489Z"}
{"level":"silly","message":"{\"createdAt\":1683209208000,\"id\":2,\"number\":\"920,0371-3157-3885\",\"accountName\":\"Bressom\",\"isDefault\":false,\"ownerIdentifier\":\"char2:f3f6403e41106442b3bbe752334eb742293c8f50\",\"role\":\"owner\",\"balance\":500,\"type\":\"personal\",\"updatedAt\":{},\"deletedAt\":{}}","module":"broadcastService","timestamp":"2023-05-04T14:08:05.489Z"}
{"level":"silly","message":"Successfully deleted account!","module":"accounts","timestamp":"2023-05-04T14:08:05.489Z"}
{"level":"silly","message":{"data":{"accountId":2},"source":1},"module":"accounts","timestamp":"2023-05-04T14:08:05.489Z"}
{"level":"silly","message":"Response Promise Event pefcl:deleteAccount:e9d8842b-fb5d-47e1-b0f4-faa59c887528 (17.563ms), Data >>","module":"events","timestamp":"2023-05-04T14:08:05.490Z"}
{"level":"silly","message":{"data":{},"status":"ok"},"module":"events","timestamp":"2023-05-04T14:08:05.490Z"}
{"level":"silly","message":"Emitting pefcl:newTransaction","module":"transactionService","timestamp":"2023-05-04T14:08:05.491Z"}
{"level":"silly","message":"Broadcasted transaction:","module":"broadcastService","timestamp":"2023-05-04T14:08:05.491Z"}
{"level":"silly","message":"{\"amount\":500,\"message\":\"Fonds restants de « Bressom » #4\",\"type\":\"Transfer\",\"fromAccount\":{\"createdAt\":1683209208000,\"id\":2,\"number\":\"920,0371-3157-3885\",\"accountName\":\"Bressom\",\"isDefault\":false,\"ownerIdentifier\":\"char2:f3f6403e41106442b3bbe752334eb742293c8f50\",\"role\":\"owner\",\"balance\":500,\"type\":\"personal\",\"updatedAt\":{},\"deletedAt\":null},\"toAccount\":{\"createdAt\":1683208950000,\"id\":1,\"number\":\"920,3535-3544-0242\",\"accountName\":\"Compte personnel\",\"isDefault\":true,\"ownerIdentifier\":\"char2:f3f6403e41106442b3bbe752334eb742293c8f50\",\"role\":\"owner\",\"balance\":857380,\"type\":\"personal\",\"updatedAt\":{},\"deletedAt\":null},\"level\":\"silly\",\"createdAt\":1683209285477,\"id\":4,\"updatedAt\":{},\"toAccountId\":1,\"fromAccountId\":2}","module":"broadcastService","timestamp":"2023-05-04T14:08:05.492Z"}
{"level":"silly","message":"(internal transfer) Broadcasting new internal transaction to src: 1, identifier: char2:f3f6403e41106442b3bbe752334eb742293c8f50","module":"broadcastService","timestamp":"2023-05-04T14:08:05.492Z"}
{"level":"silly","message":"netPromise > pefcl:getAccounts > RequestObj","module":"events","timestamp":"2023-05-04T14:08:05.572Z"}
{"level":"silly","message":{"data":null,"source":1},"module":"events","timestamp":"2023-05-04T14:08:05.572Z"}
{"level":"debug","message":"Retrieving accounts","module":"accounts","timestamp":"2023-05-04T14:08:05.572Z"}
{"level":"silly","message":"netPromise > pefcl:getTransactions > RequestObj","module":"events","timestamp":"2023-05-04T14:08:05.573Z"}
{"level":"silly","message":{"data":{"limit":10,"offset":0,"total":3,"transactions":[{"amount":1000,"createdAt":1683209244000,"fromAccount":{"accountName":"Compte personnel","balance":857380,"createdAt":1683208950000,"deletedAt":null,"id":1,"isDefault":true,"number":"920,3535-3544-0242","ownerIdentifier":"char2:f3f6403e41106442b3bbe752334eb742293c8f50","role":"owner","type":"personal","updatedAt":{}},"fromAccountId":1,"id":3,"message":"Nouveau compte ouvert #3","toAccount":null,"toAccountId":null,"type":"Outgoing","updatedAt":{}},{"amount":1000,"createdAt":1683209208000,"fromAccount":{"accountName":"Compte personnel","balance":857380,"createdAt":1683208950000,"deletedAt":null,"id":1,"isDefault":true,"number":"920,3535-3544-0242","ownerIdentifier":"char2:f3f6403e41106442b3bbe752334eb742293c8f50","role":"owner","type":"personal","updatedAt":{}},"fromAccountId":1,"id":2,"message":"Nouveau compte ouvert #2","toAccount":null,"toAccountId":null,"type":"Outgoing","updatedAt":{}},{"amount":100000,"createdAt":1683209117000,"fromAccount":null,"fromAccountId":null,"id":1,"message":"Déposé 100 000 $US sur le compte. #1","toAccount":{"accountName":"Compte personnel","balance":857380,"createdAt":1683208950000,"deletedAt":null,"id":1,"isDefault":true,"number":"920,3535-3544-0242","ownerIdentifier":"char2:f3f6403e41106442b3bbe752334eb742293c8f50","role":"owner","type":"personal","updatedAt":{}},"toAccountId":1,"type":"Incoming","updatedAt":{}}]},"source":1},"module":"events","timestamp":"2023-05-04T14:08:05.573Z"}
{"level":"silly","message":"Getting transactions","module":"transactionService","timestamp":"2023-05-04T14:08:05.574Z"}
{"level":"silly","message":{"data":{"limit":10,"offset":0,"total":3,"transactions":[{"amount":1000,"createdAt":1683209244000,"fromAccount":{"accountName":"Compte personnel","balance":857380,"createdAt":1683208950000,"deletedAt":null,"id":1,"isDefault":true,"number":"920,3535-3544-0242","ownerIdentifier":"char2:f3f6403e41106442b3bbe752334eb742293c8f50","role":"owner","type":"personal","updatedAt":{}},"fromAccountId":1,"id":3,"message":"Nouveau compte ouvert #3","toAccount":null,"toAccountId":null,"type":"Outgoing","updatedAt":{}},{"amount":1000,"createdAt":1683209208000,"fromAccount":{"accountName":"Compte personnel","balance":857380,"createdAt":1683208950000,"deletedAt":null,"id":1,"isDefault":true,"number":"920,3535-3544-0242","ownerIdentifier":"char2:f3f6403e41106442b3bbe752334eb742293c8f50","role":"owner","type":"personal","updatedAt":{}},"fromAccountId":1,"id":2,"message":"Nouveau compte ouvert #2","toAccount":null,"toAccountId":null,"type":"Outgoing","updatedAt":{}},{"amount":100000,"createdAt":1683209117000,"fromAccount":null,"fromAccountId":null,"id":1,"message":"Déposé 100 000 $US sur le compte. #1","toAccount":{"accountName":"Compte personnel","balance":857380,"createdAt":1683208950000,"deletedAt":null,"id":1,"isDefault":true,"number":"920,3535-3544-0242","ownerIdentifier":"char2:f3f6403e41106442b3bbe752334eb742293c8f50","role":"owner","type":"personal","updatedAt":{}},"toAccountId":1,"type":"Incoming","updatedAt":{}}]},"source":1},"module":"transactionService","timestamp":"2023-05-04T14:08:05.574Z"}
{"level":"silly","message":"netPromise > pefcl:getAccounts > RequestObj","module":"events","timestamp":"2023-05-04T14:08:05.574Z"}
{"level":"silly","message":{"data":null,"source":1},"module":"events","timestamp":"2023-05-04T14:08:05.575Z"}
{"level":"debug","message":"Retrieving accounts","module":"accounts","timestamp":"2023-05-04T14:08:05.575Z"}
{"level":"silly","message":"Response Promise Event pefcl:getAccounts:450c0c29-faaf-411a-b801-a5be25db4ee4 (8.0116ms), Data >>","module":"events","timestamp":"2023-05-04T14:08:05.580Z"}
{"level":"silly","message":{"data":[{"accountName":"Compte personnel","balance":857880,"createdAt":"04/05/2023, 16:02:30","deletedAt":null,"id":1,"isDefault":true,"number":"920,3535-3544-0242","ownerIdentifier":"char2:f3f6403e41106442b3bbe752334eb742293c8f50","role":"owner","type":"personal","updatedAt":"2023-05-04T14:08:05.000Z"},{"accountName":"TEST Partage","balance":500,"createdAt":"04/05/2023, 16:07:24","deletedAt":null,"id":3,"isDefault":false,"number":"920,1677-1261-3483","ownerIdentifier":"char2:f3f6403e41106442b3bbe752334eb742293c8f50","role":"owner","type":"shared","updatedAt":"2023-05-04T14:07:24.000Z"}],"status":"ok"},"module":"events","timestamp":"2023-05-04T14:08:05.580Z"}
{"level":"silly","message":"Response Promise Event pefcl:getAccounts:6688acba-107d-4731-9ecb-b684f1b7044f (9.1329ms), Data >>","module":"events","timestamp":"2023-05-04T14:08:05.584Z"}
{"level":"silly","message":{"data":[{"accountName":"Compte personnel","balance":857880,"createdAt":"04/05/2023, 16:02:30","deletedAt":null,"id":1,"isDefault":true,"number":"920,3535-3544-0242","ownerIdentifier":"char2:f3f6403e41106442b3bbe752334eb742293c8f50","role":"owner","type":"personal","updatedAt":"2023-05-04T14:08:05.000Z"},{"accountName":"TEST Partage","balance":500,"createdAt":"04/05/2023, 16:07:24","deletedAt":null,"id":3,"isDefault":false,"number":"920,1677-1261-3483","ownerIdentifier":"char2:f3f6403e41106442b3bbe752334eb742293c8f50","role":"owner","type":"shared","updatedAt":"2023-05-04T14:07:24.000Z"}],"status":"ok"},"module":"events","timestamp":"2023-05-04T14:08:05.584Z"}
{"level":"silly","message":"Returned total of 4 transactions.","module":"transactionService","timestamp":"2023-05-04T14:08:05.584Z"}
{"level":"silly","message":"Response Promise Event pefcl:getTransactions:c0c4faa7-c94c-448b-a772-8783906c17ac (11.3075ms), Data >>","module":"events","timestamp":"2023-05-04T14:08:05.585Z"}
{"level":"silly","message":{"data":{"limit":10,"offset":0,"total":4,"transactions":[{"amount":500,"createdAt":1683209285000,"fromAccount":null,"fromAccountId":2,"id":4,"message":"Fonds restants de « Bressom » #4","toAccount":{"accountName":"Compte personnel","balance":857880,"createdAt":1683208950000,"deletedAt":null,"id":1,"isDefault":true,"number":"920,3535-3544-0242","ownerIdentifier":"char2:f3f6403e41106442b3bbe752334eb742293c8f50","role":"owner","type":"personal","updatedAt":"2023-05-04T14:08:05.000Z"},"toAccountId":1,"type":"Transfer","updatedAt":"2023-05-04T14:08:05.000Z"},{"amount":1000,"createdAt":1683209244000,"fromAccount":{"accountName":"Compte personnel","balance":857880,"createdAt":1683208950000,"deletedAt":null,"id":1,"isDefault":true,"number":"920,3535-3544-0242","ownerIdentifier":"char2:f3f6403e41106442b3bbe752334eb742293c8f50","role":"owner","type":"personal","updatedAt":"2023-05-04T14:08:05.000Z"},"fromAccountId":1,"id":3,"message":"Nouveau compte ouvert #3","toAccount":null,"toAccountId":null,"type":"Outgoing","updatedAt":"2023-05-04T14:07:24.000Z"},{"amount":1000,"createdAt":1683209208000,"fromAccount":{"accountName":"Compte personnel","balance":857880,"createdAt":1683208950000,"deletedAt":null,"id":1,"isDefault":true,"number":"920,3535-3544-0242","ownerIdentifier":"char2:f3f6403e41106442b3bbe752334eb742293c8f50","role":"owner","type":"personal","updatedAt":"2023-05-04T14:08:05.000Z"},"fromAccountId":1,"id":2,"message":"Nouveau compte ouvert #2","toAccount":null,"toAccountId":null,"type":"Outgoing","updatedAt":"2023-05-04T14:06:48.000Z"},{"amount":100000,"createdAt":1683209117000,"fromAccount":null,"fromAccountId":null,"id":1,"message":"Déposé 100 000 $US sur le compte. #1","toAccount":{"accountName":"Compte personnel","balance":857880,"createdAt":1683208950000,"deletedAt":null,"id":1,"isDefault":true,"number":"920,3535-3544-0242","ownerIdentifier":"char2:f3f6403e41106442b3bbe752334eb742293c8f50","role":"owner","type":"personal","updatedAt":"2023-05-04T14:08:05.000Z"},"toAccountId":1,"type":"Incoming","updatedAt":"2023-05-04T14:05:17.000Z"}]},"status":"ok"},"module":"events","timestamp":"2023-05-04T14:08:05.585Z"}
{"level":"silly","message":"netPromise > pefcl:getTransactions > RequestObj","module":"events","timestamp":"2023-05-04T14:08:05.623Z"}
{"level":"silly","message":{"data":{"limit":10,"offset":0,"total":3,"transactions":[{"amount":1000,"createdAt":1683209244000,"fromAccount":{"accountName":"Compte personnel","balance":857380,"createdAt":1683208950000,"deletedAt":null,"id":1,"isDefault":true,"number":"920,3535-3544-0242","ownerIdentifier":"char2:f3f6403e41106442b3bbe752334eb742293c8f50","role":"owner","type":"personal","updatedAt":{}},"fromAccountId":1,"id":3,"message":"Nouveau compte ouvert #3","toAccount":null,"toAccountId":null,"type":"Outgoing","updatedAt":{}},{"amount":1000,"createdAt":1683209208000,"fromAccount":{"accountName":"Compte personnel","balance":857380,"createdAt":1683208950000,"deletedAt":null,"id":1,"isDefault":true,"number":"920,3535-3544-0242","ownerIdentifier":"char2:f3f6403e41106442b3bbe752334eb742293c8f50","role":"owner","type":"personal","updatedAt":{}},"fromAccountId":1,"id":2,"message":"Nouveau compte ouvert #2","toAccount":null,"toAccountId":null,"type":"Outgoing","updatedAt":{}},{"amount":100000,"createdAt":1683209117000,"fromAccount":null,"fromAccountId":null,"id":1,"message":"Déposé 100 000 $US sur le compte. #1","toAccount":{"accountName":"Compte personnel","balance":857380,"createdAt":1683208950000,"deletedAt":null,"id":1,"isDefault":true,"number":"920,3535-3544-0242","ownerIdentifier":"char2:f3f6403e41106442b3bbe752334eb742293c8f50","role":"owner","type":"personal","updatedAt":{}},"toAccountId":1,"type":"Incoming","updatedAt":{}}]},"source":1},"module":"events","timestamp":"2023-05-04T14:08:05.623Z"}
{"level":"silly","message":"Getting transactions","module":"transactionService","timestamp":"2023-05-04T14:08:05.623Z"}
{"level":"silly","message":{"data":{"limit":10,"offset":0,"total":3,"transactions":[{"amount":1000,"createdAt":1683209244000,"fromAccount":{"accountName":"Compte personnel","balance":857380,"createdAt":1683208950000,"deletedAt":null,"id":1,"isDefault":true,"number":"920,3535-3544-0242","ownerIdentifier":"char2:f3f6403e41106442b3bbe752334eb742293c8f50","role":"owner","type":"personal","updatedAt":{}},"fromAccountId":1,"id":3,"message":"Nouveau compte ouvert #3","toAccount":null,"toAccountId":null,"type":"Outgoing","updatedAt":{}},{"amount":1000,"createdAt":1683209208000,"fromAccount":{"accountName":"Compte personnel","balance":857380,"createdAt":1683208950000,"deletedAt":null,"id":1,"isDefault":true,"number":"920,3535-3544-0242","ownerIdentifier":"char2:f3f6403e41106442b3bbe752334eb742293c8f50","role":"owner","type":"personal","updatedAt":{}},"fromAccountId":1,"id":2,"message":"Nouveau compte ouvert #2","toAccount":null,"toAccountId":null,"type":"Outgoing","updatedAt":{}},{"amount":100000,"createdAt":1683209117000,"fromAccount":null,"fromAccountId":null,"id":1,"message":"Déposé 100 000 $US sur le compte. #1","toAccount":{"accountName":"Compte personnel","balance":857380,"createdAt":1683208950000,"deletedAt":null,"id":1,"isDefault":true,"number":"920,3535-3544-0242","ownerIdentifier":"char2:f3f6403e41106442b3bbe752334eb742293c8f50","role":"owner","type":"personal","updatedAt":{}},"toAccountId":1,"type":"Incoming","updatedAt":{}}]},"source":1},"module":"transactionService","timestamp":"2023-05-04T14:08:05.624Z"}
{"level":"silly","message":"Returned total of 4 transactions.","module":"transactionService","timestamp":"2023-05-04T14:08:05.630Z"}
{"level":"silly","message":"Response Promise Event pefcl:getTransactions:53294a12-162f-4cdc-8edc-ba324e96fda4 (7.1825ms), Data >>","module":"events","timestamp":"2023-05-04T14:08:05.630Z"}
{"level":"silly","message":{"data":{"limit":10,"offset":0,"total":4,"transactions":[{"amount":500,"createdAt":1683209285000,"fromAccount":null,"fromAccountId":2,"id":4,"message":"Fonds restants de « Bressom » #4","toAccount":{"accountName":"Compte personnel","balance":857880,"createdAt":1683208950000,"deletedAt":null,"id":1,"isDefault":true,"number":"920,3535-3544-0242","ownerIdentifier":"char2:f3f6403e41106442b3bbe752334eb742293c8f50","role":"owner","type":"personal","updatedAt":"2023-05-04T14:08:05.000Z"},"toAccountId":1,"type":"Transfer","updatedAt":"2023-05-04T14:08:05.000Z"},{"amount":1000,"createdAt":1683209244000,"fromAccount":{"accountName":"Compte personnel","balance":857880,"createdAt":1683208950000,"deletedAt":null,"id":1,"isDefault":true,"number":"920,3535-3544-0242","ownerIdentifier":"char2:f3f6403e41106442b3bbe752334eb742293c8f50","role":"owner","type":"personal","updatedAt":"2023-05-04T14:08:05.000Z"},"fromAccountId":1,"id":3,"message":"Nouveau compte ouvert #3","toAccount":null,"toAccountId":null,"type":"Outgoing","updatedAt":"2023-05-04T14:07:24.000Z"},{"amount":1000,"createdAt":1683209208000,"fromAccount":{"accountName":"Compte personnel","balance":857880,"createdAt":1683208950000,"deletedAt":null,"id":1,"isDefault":true,"number":"920,3535-3544-0242","ownerIdentifier":"char2:f3f6403e41106442b3bbe752334eb742293c8f50","role":"owner","type":"personal","updatedAt":"2023-05-04T14:08:05.000Z"},"fromAccountId":1,"id":2,"message":"Nouveau compte ouvert #2","toAccount":null,"toAccountId":null,"type":"Outgoing","updatedAt":"2023-05-04T14:06:48.000Z"},{"amount":100000,"createdAt":1683209117000,"fromAccount":null,"fromAccountId":null,"id":1,"message":"Déposé 100 000 $US sur le compte. #1","toAccount":{"accountName":"Compte personnel","balance":857880,"createdAt":1683208950000,"deletedAt":null,"id":1,"isDefault":true,"number":"920,3535-3544-0242","ownerIdentifier":"char2:f3f6403e41106442b3bbe752334eb742293c8f50","role":"owner","type":"personal","updatedAt":"2023-05-04T14:08:05.000Z"},"toAccountId":1,"type":"Incoming","updatedAt":"2023-05-04T14:05:17.000Z"}]},"status":"ok"},"module":"events","timestamp":"2023-05-04T14:08:05.630Z"}
{"level":"silly","message":"Adding money to 1 ..","module":"accounts","timestamp":"2023-05-04T14:08:45.462Z"}
{"level":"silly","message":"Adding money to 1 ..","module":"accounts","timestamp":"2023-05-04T14:08:45.463Z"}
{"level":"silly","message":"Broadcasting new balance for default account ..","module":"broadcastService","timestamp":"2023-05-04T14:08:45.467Z"}
{"level":"silly","message":"Broadcasted new balance for default account!","module":"broadcastService","timestamp":"2023-05-04T14:08:45.467Z"}
{"level":"silly","message":{"balance":857960,"identifier":"char2:f3f6403e41106442b3bbe752334eb742293c8f50","source":1},"module":"broadcastService","timestamp":"2023-05-04T14:08:45.467Z"}
{"level":"silly","message":"Broadcasting new balance for account ..","module":"broadcastService","timestamp":"2023-05-04T14:08:45.467Z"}
{"level":"silly","message":"Broadcasted new balance for personal account:","module":"broadcastService","timestamp":"2023-05-04T14:08:45.467Z"}
{"level":"silly","message":{"balance":857960,"identifier":"char2:f3f6403e41106442b3bbe752334eb742293c8f50","source":1},"module":"broadcastService","timestamp":"2023-05-04T14:08:45.467Z"}
{"level":"silly","message":"Created transaction.","module":"transactionService","timestamp":"2023-05-04T14:08:45.468Z"}
{"amount":80,"level":"silly","message":"Paycheck","module":"transactionService","timestamp":"2023-05-04T14:08:45.468Z","toAccount":{"accountName":"Compte personnel","balance":857960,"createdAt":1683208950000,"deletedAt":null,"id":1,"isDefault":true,"number":"920,3535-3544-0242","ownerIdentifier":"char2:f3f6403e41106442b3bbe752334eb742293c8f50","role":"owner","type":"personal","updatedAt":"2023-05-04T14:08:45.465Z"},"type":"Incoming"}
{"level":"silly","message":"Broadcasting new balance for default account ..","module":"broadcastService","timestamp":"2023-05-04T14:08:45.474Z"}
{"level":"silly","message":"Broadcasted new balance for default account!","module":"broadcastService","timestamp":"2023-05-04T14:08:45.474Z"}
{"level":"silly","message":{"balance":858080,"identifier":"char2:f3f6403e41106442b3bbe752334eb742293c8f50","source":1},"module":"broadcastService","timestamp":"2023-05-04T14:08:45.474Z"}
{"level":"silly","message":"Broadcasting new balance for account ..","module":"broadcastService","timestamp":"2023-05-04T14:08:45.474Z"}
{"level":"silly","message":"Broadcasted new balance for personal account:","module":"broadcastService","timestamp":"2023-05-04T14:08:45.474Z"}
{"level":"silly","message":{"balance":858080,"identifier":"char2:f3f6403e41106442b3bbe752334eb742293c8f50","source":1},"module":"broadcastService","timestamp":"2023-05-04T14:08:45.474Z"}
{"level":"silly","message":"Created transaction.","module":"transactionService","timestamp":"2023-05-04T14:08:45.475Z"}
{"amount":200,"level":"silly","message":"Welfare Check","module":"transactionService","timestamp":"2023-05-04T14:08:45.475Z","toAccount":{"accountName":"Compte personnel","balance":858080,"createdAt":1683208950000,"deletedAt":null,"id":1,"isDefault":true,"number":"920,3535-3544-0242","ownerIdentifier":"char2:f3f6403e41106442b3bbe752334eb742293c8f50","role":"owner","type":"personal","updatedAt":"2023-05-04T14:08:45.466Z"},"type":"Incoming"}
{"level":"silly","message":"Emitting pefcl:newTransaction","module":"transactionService","timestamp":"2023-05-04T14:08:45.477Z"}
{"level":"silly","message":"Broadcasted transaction:","module":"broadcastService","timestamp":"2023-05-04T14:08:45.477Z"}
{"level":"silly","message":"{\"amount\":80,\"message\":\"Paycheck #5\",\"fromAccount\":null,\"toAccount\":{\"createdAt\":1683208950000,\"id\":1,\"number\":\"920,3535-3544-0242\",\"accountName\":\"Compte personnel\",\"isDefault\":true,\"ownerIdentifier\":\"char2:f3f6403e41106442b3bbe752334eb742293c8f50\",\"role\":\"owner\",\"balance\":857960,\"type\":\"personal\",\"updatedAt\":{},\"deletedAt\":null},\"type\":\"Incoming\",\"level\":\"silly\",\"createdAt\":1683209325468,\"id\":5,\"updatedAt\":{},\"toAccountId\":1,\"fromAccountId\":null}","module":"broadcastService","timestamp":"2023-05-04T14:08:45.477Z"}
{"level":"silly","message":"(toAccount) Broadcasting new transaction to src: 1, identifier: char2:f3f6403e41106442b3bbe752334eb742293c8f50","module":"broadcastService","timestamp":"2023-05-04T14:08:45.477Z"}
{"level":"silly","message":"Emitting pefcl:newTransaction","module":"transactionService","timestamp":"2023-05-04T14:08:45.479Z"}
{"level":"silly","message":"Broadcasted transaction:","module":"broadcastService","timestamp":"2023-05-04T14:08:45.480Z"}
{"level":"silly","message":"{\"amount\":200,\"message\":\"Welfare Check #6\",\"fromAccount\":null,\"toAccount\":{\"createdAt\":1683208950000,\"id\":1,\"number\":\"920,3535-3544-0242\",\"accountName\":\"Compte personnel\",\"isDefault\":true,\"ownerIdentifier\":\"char2:f3f6403e41106442b3bbe752334eb742293c8f50\",\"role\":\"owner\",\"balance\":858080,\"type\":\"personal\",\"updatedAt\":{},\"deletedAt\":null},\"type\":\"Incoming\",\"level\":\"silly\",\"createdAt\":1683209325475,\"id\":6,\"updatedAt\":{},\"toAccountId\":1,\"fromAccountId\":null}","module":"broadcastService","timestamp":"2023-05-04T14:08:45.480Z"}
{"level":"silly","message":"(toAccount) Broadcasting new transaction to src: 1, identifier: char2:f3f6403e41106442b3bbe752334eb742293c8f50","module":"broadcastService","timestamp":"2023-05-04T14:08:45.480Z"}
{"level":"silly","message":"netPromise > pefcl:getTransactions > RequestObj","module":"events","timestamp":"2023-05-04T14:08:45.561Z"}
{"level":"silly","message":{"data":{"limit":10,"offset":0,"total":4,"transactions":[{"amount":500,"createdAt":1683209285000,"fromAccount":null,"fromAccountId":2,"id":4,"message":"Fonds restants de « Bressom » #4","toAccount":{"accountName":"Compte personnel","balance":857880,"createdAt":1683208950000,"deletedAt":null,"id":1,"isDefault":true,"number":"920,3535-3544-0242","ownerIdentifier":"char2:f3f6403e41106442b3bbe752334eb742293c8f50","role":"owner","type":"personal","updatedAt":{}},"toAccountId":1,"type":"Transfer","updatedAt":{}},{"amount":1000,"createdAt":1683209244000,"fromAccount":{"accountName":"Compte personnel","balance":857880,"createdAt":1683208950000,"deletedAt":null,"id":1,"isDefault":true,"number":"920,3535-3544-0242","ownerIdentifier":"char2:f3f6403e41106442b3bbe752334eb742293c8f50","role":"owner","type":"personal","updatedAt":{}},"fromAccountId":1,"id":3,"message":"Nouveau compte ouvert #3","toAccount":null,"toAccountId":null,"type":"Outgoing","updatedAt":{}},{"amount":1000,"createdAt":1683209208000,"fromAccount":{"accountName":"Compte personnel","balance":857880,"createdAt":1683208950000,"deletedAt":null,"id":1,"isDefault":true,"number":"920,3535-3544-0242","ownerIdentifier":"char2:f3f6403e41106442b3bbe752334eb742293c8f50","role":"owner","type":"personal","updatedAt":{}},"fromAccountId":1,"id":2,"message":"Nouveau compte ouvert #2","toAccount":null,"toAccountId":null,"type":"Outgoing","updatedAt":{}},{"amount":100000,"createdAt":1683209117000,"fromAccount":null,"fromAccountId":null,"id":1,"message":"Déposé 100 000 $US sur le compte. #1","toAccount":{"accountName":"Compte personnel","balance":857880,"createdAt":1683208950000,"deletedAt":null,"id":1,"isDefault":true,"number":"920,3535-3544-0242","ownerIdentifier":"char2:f3f6403e41106442b3bbe752334eb742293c8f50","role":"owner","type":"personal","updatedAt":{}},"toAccountId":1,"type":"Incoming","updatedAt":{}}]},"source":1},"module":"events","timestamp":"2023-05-04T14:08:45.561Z"}
{"level":"silly","message":"Getting transactions","module":"transactionService","timestamp":"2023-05-04T14:08:45.562Z"}
{"level":"silly","message":{"data":{"limit":10,"offset":0,"total":4,"transactions":[{"amount":500,"createdAt":1683209285000,"fromAccount":null,"fromAccountId":2,"id":4,"message":"Fonds restants de « Bressom » #4","toAccount":{"accountName":"Compte personnel","balance":857880,"createdAt":1683208950000,"deletedAt":null,"id":1,"isDefault":true,"number":"920,3535-3544-0242","ownerIdentifier":"char2:f3f6403e41106442b3bbe752334eb742293c8f50","role":"owner","type":"personal","updatedAt":{}},"toAccountId":1,"type":"Transfer","updatedAt":{}},{"amount":1000,"createdAt":1683209244000,"fromAccount":{"accountName":"Compte personnel","balance":857880,"createdAt":1683208950000,"deletedAt":null,"id":1,"isDefault":true,"number":"920,3535-3544-0242","ownerIdentifier":"char2:f3f6403e41106442b3bbe752334eb742293c8f50","role":"owner","type":"personal","updatedAt":{}},"fromAccountId":1,"id":3,"message":"Nouveau compte ouvert #3","toAccount":null,"toAccountId":null,"type":"Outgoing","updatedAt":{}},{"amount":1000,"createdAt":1683209208000,"fromAccount":{"accountName":"Compte personnel","balance":857880,"createdAt":1683208950000,"deletedAt":null,"id":1,"isDefault":true,"number":"920,3535-3544-0242","ownerIdentifier":"char2:f3f6403e41106442b3bbe752334eb742293c8f50","role":"owner","type":"personal","updatedAt":{}},"fromAccountId":1,"id":2,"message":"Nouveau compte ouvert #2","toAccount":null,"toAccountId":null,"type":"Outgoing","updatedAt":{}},{"amount":100000,"createdAt":1683209117000,"fromAccount":null,"fromAccountId":null,"id":1,"message":"Déposé 100 000 $US sur le compte. #1","toAccount":{"accountName":"Compte personnel","balance":857880,"createdAt":1683208950000,"deletedAt":null,"id":1,"isDefault":true,"number":"920,3535-3544-0242","ownerIdentifier":"char2:f3f6403e41106442b3bbe752334eb742293c8f50","role":"owner","type":"personal","updatedAt":{}},"toAccountId":1,"type":"Incoming","updatedAt":{}}]},"source":1},"module":"transactionService","timestamp":"2023-05-04T14:08:45.562Z"}
{"level":"silly","message":"netPromise > pefcl:getTransactions > RequestObj","module":"events","timestamp":"2023-05-04T14:08:45.563Z"}
{"level":"silly","message":{"data":{"limit":10,"offset":0,"total":4,"transactions":[{"amount":500,"createdAt":1683209285000,"fromAccount":null,"fromAccountId":2,"id":4,"message":"Fonds restants de « Bressom » #4","toAccount":{"accountName":"Compte personnel","balance":857880,"createdAt":1683208950000,"deletedAt":null,"id":1,"isDefault":true,"number":"920,3535-3544-0242","ownerIdentifier":"char2:f3f6403e41106442b3bbe752334eb742293c8f50","role":"owner","type":"personal","updatedAt":{}},"toAccountId":1,"type":"Transfer","updatedAt":{}},{"amount":1000,"createdAt":1683209244000,"fromAccount":{"accountName":"Compte personnel","balance":857880,"createdAt":1683208950000,"deletedAt":null,"id":1,"isDefault":true,"number":"920,3535-3544-0242","ownerIdentifier":"char2:f3f6403e41106442b3bbe752334eb742293c8f50","role":"owner","type":"personal","updatedAt":{}},"fromAccountId":1,"id":3,"message":"Nouveau compte ouvert #3","toAccount":null,"toAccountId":null,"type":"Outgoing","updatedAt":{}},{"amount":1000,"createdAt":1683209208000,"fromAccount":{"accountName":"Compte personnel","balance":857880,"createdAt":1683208950000,"deletedAt":null,"id":1,"isDefault":true,"number":"920,3535-3544-0242","ownerIdentifier":"char2:f3f6403e41106442b3bbe752334eb742293c8f50","role":"owner","type":"personal","updatedAt":{}},"fromAccountId":1,"id":2,"message":"Nouveau compte ouvert #2","toAccount":null,"toAccountId":null,"type":"Outgoing","updatedAt":{}},{"amount":100000,"createdAt":1683209117000,"fromAccount":null,"fromAccountId":null,"id":1,"message":"Déposé 100 000 $US sur le compte. #1","toAccount":{"accountName":"Compte personnel","balance":857880,"createdAt":1683208950000,"deletedAt":null,"id":1,"isDefault":true,"number":"920,3535-3544-0242","ownerIdentifier":"char2:f3f6403e41106442b3bbe752334eb742293c8f50","role":"owner","type":"personal","updatedAt":{}},"toAccountId":1,"type":"Incoming","updatedAt":{}}]},"source":1},"module":"events","timestamp":"2023-05-04T14:08:45.563Z"}
{"level":"silly","message":"Getting transactions","module":"transactionService","timestamp":"2023-05-04T14:08:45.563Z"}
{"level":"silly","message":{"data":{"limit":10,"offset":0,"total":4,"transactions":[{"amount":500,"createdAt":1683209285000,"fromAccount":null,"fromAccountId":2,"id":4,"message":"Fonds restants de « Bressom » #4","toAccount":{"accountName":"Compte personnel","balance":857880,"createdAt":1683208950000,"deletedAt":null,"id":1,"isDefault":true,"number":"920,3535-3544-0242","ownerIdentifier":"char2:f3f6403e41106442b3bbe752334eb742293c8f50","role":"owner","type":"personal","updatedAt":{}},"toAccountId":1,"type":"Transfer","updatedAt":{}},{"amount":1000,"createdAt":1683209244000,"fromAccount":{"accountName":"Compte personnel","balance":857880,"createdAt":1683208950000,"deletedAt":null,"id":1,"isDefault":true,"number":"920,3535-3544-0242","ownerIdentifier":"char2:f3f6403e41106442b3bbe752334eb742293c8f50","role":"owner","type":"personal","updatedAt":{}},"fromAccountId":1,"id":3,"message":"Nouveau compte ouvert #3","toAccount":null,"toAccountId":null,"type":"Outgoing","updatedAt":{}},{"amount":1000,"createdAt":1683209208000,"fromAccount":{"accountName":"Compte personnel","balance":857880,"createdAt":1683208950000,"deletedAt":null,"id":1,"isDefault":true,"number":"920,3535-3544-0242","ownerIdentifier":"char2:f3f6403e41106442b3bbe752334eb742293c8f50","role":"owner","type":"personal","updatedAt":{}},"fromAccountId":1,"id":2,"message":"Nouveau compte ouvert #2","toAccount":null,"toAccountId":null,"type":"Outgoing","updatedAt":{}},{"amount":100000,"createdAt":1683209117000,"fromAccount":null,"fromAccountId":null,"id":1,"message":"Déposé 100 000 $US sur le compte. #1","toAccount":{"accountName":"Compte personnel","balance":857880,"createdAt":1683208950000,"deletedAt":null,"id":1,"isDefault":true,"number":"920,3535-3544-0242","ownerIdentifier":"char2:f3f6403e41106442b3bbe752334eb742293c8f50","role":"owner","type":"personal","updatedAt":{}},"toAccountId":1,"type":"Incoming","updatedAt":{}}]},"source":1},"module":"transactionService","timestamp":"2023-05-04T14:08:45.563Z"}
{"level":"silly","message":"Returned total of 6 transactions.","module":"transactionService","timestamp":"2023-05-04T14:08:45.574Z"}
{"level":"silly","message":"Response Promise Event pefcl:getTransactions:b7e99750-f3c4-46cd-bdf4-33a56c715ed3 (13.6702ms), Data >>","module":"events","timestamp":"2023-05-04T14:08:45.575Z"}
{"level":"silly","message":{"data":{"limit":10,"offset":0,"total":6,"transactions":[{"amount":80,"createdAt":1683209325000,"fromAccount":null,"fromAccountId":null,"id":5,"message":"Paycheck #5","toAccount":{"accountName":"Compte personnel","balance":858080,"createdAt":1683208950000,"deletedAt":null,"id":1,"isDefault":true,"number":"920,3535-3544-0242","ownerIdentifier":"char2:f3f6403e41106442b3bbe752334eb742293c8f50","role":"owner","type":"personal","updatedAt":"2023-05-04T14:08:45.000Z"},"toAccountId":1,"type":"Incoming","updatedAt":"2023-05-04T14:08:45.000Z"},{"amount":200,"createdAt":1683209325000,"fromAccount":null,"fromAccountId":null,"id":6,"message":"Welfare Check #6","toAccount":{"accountName":"Compte personnel","balance":858080,"createdAt":1683208950000,"deletedAt":null,"id":1,"isDefault":true,"number":"920,3535-3544-0242","ownerIdentifier":"char2:f3f6403e41106442b3bbe752334eb742293c8f50","role":"owner","type":"personal","updatedAt":"2023-05-04T14:08:45.000Z"},"toAccountId":1,"type":"Incoming","updatedAt":"2023-05-04T14:08:45.000Z"},{"amount":500,"createdAt":1683209285000,"fromAccount":null,"fromAccountId":2,"id":4,"message":"Fonds restants de « Bressom » #4","toAccount":{"accountName":"Compte personnel","balance":858080,"createdAt":1683208950000,"deletedAt":null,"id":1,"isDefault":true,"number":"920,3535-3544-0242","ownerIdentifier":"char2:f3f6403e41106442b3bbe752334eb742293c8f50","role":"owner","type":"personal","updatedAt":"2023-05-04T14:08:45.000Z"},"toAccountId":1,"type":"Transfer","updatedAt":"2023-05-04T14:08:05.000Z"},{"amount":1000,"createdAt":1683209244000,"fromAccount":{"accountName":"Compte personnel","balance":858080,"createdAt":1683208950000,"deletedAt":null,"id":1,"isDefault":true,"number":"920,3535-3544-0242","ownerIdentifier":"char2:f3f6403e41106442b3bbe752334eb742293c8f50","role":"owner","type":"personal","updatedAt":"2023-05-04T14:08:45.000Z"},"fromAccountId":1,"id":3,"message":"Nouveau compte ouvert #3","toAccount":null,"toAccountId":null,"type":"Outgoing","updatedAt":"2023-05-04T14:07:24.000Z"},{"amount":1000,"createdAt":1683209208000,"fromAccount":{"accountName":"Compte personnel","balance":858080,"createdAt":1683208950000,"deletedAt":null,"id":1,"isDefault":true,"number":"920,3535-3544-0242","ownerIdentifier":"char2:f3f6403e41106442b3bbe752334eb742293c8f50","role":"owner","type":"personal","updatedAt":"2023-05-04T14:08:45.000Z"},"fromAccountId":1,"id":2,"message":"Nouveau compte ouvert #2","toAccount":null,"toAccountId":null,"type":"Outgoing","updatedAt":"2023-05-04T14:06:48.000Z"},{"amount":100000,"createdAt":1683209117000,"fromAccount":null,"fromAccountId":null,"id":1,"message":"Déposé 100 000 $US sur le compte. #1","toAccount":{"accountName":"Compte personnel","balance":858080,"createdAt":1683208950000,"deletedAt":null,"id":1,"isDefault":true,"number":"920,3535-3544-0242","ownerIdentifier":"char2:f3f6403e41106442b3bbe752334eb742293c8f50","role":"owner","type":"personal","updatedAt":"2023-05-04T14:08:45.000Z"},"toAccountId":1,"type":"Incoming","updatedAt":"2023-05-04T14:05:17.000Z"}]},"status":"ok"},"module":"events","timestamp":"2023-05-04T14:08:45.575Z"}
{"level":"silly","message":"Returned total of 6 transactions.","module":"transactionService","timestamp":"2023-05-04T14:08:45.576Z"}
{"level":"silly","message":"Response Promise Event pefcl:getTransactions:e631c6f6-ad88-4258-95cd-244af5d62e33 (13.0664ms), Data >>","module":"events","timestamp":"2023-05-04T14:08:45.576Z"}
{"level":"silly","message":{"data":{"limit":10,"offset":0,"total":6,"transactions":[{"amount":80,"createdAt":1683209325000,"fromAccount":null,"fromAccountId":null,"id":5,"message":"Paycheck #5","toAccount":{"accountName":"Compte personnel","balance":858080,"createdAt":1683208950000,"deletedAt":null,"id":1,"isDefault":true,"number":"920,3535-3544-0242","ownerIdentifier":"char2:f3f6403e41106442b3bbe752334eb742293c8f50","role":"owner","type":"personal","updatedAt":"2023-05-04T14:08:45.000Z"},"toAccountId":1,"type":"Incoming","updatedAt":"2023-05-04T14:08:45.000Z"},{"amount":200,"createdAt":1683209325000,"fromAccount":null,"fromAccountId":null,"id":6,"message":"Welfare Check #6","toAccount":{"accountName":"Compte personnel","balance":858080,"createdAt":1683208950000,"deletedAt":null,"id":1,"isDefault":true,"number":"920,3535-3544-0242","ownerIdentifier":"char2:f3f6403e41106442b3bbe752334eb742293c8f50","role":"owner","type":"personal","updatedAt":"2023-05-04T14:08:45.000Z"},"toAccountId":1,"type":"Incoming","updatedAt":"2023-05-04T14:08:45.000Z"},{"amount":500,"createdAt":1683209285000,"fromAccount":null,"fromAccountId":2,"id":4,"message":"Fonds restants de « Bressom » #4","toAccount":{"accountName":"Compte personnel","balance":858080,"createdAt":1683208950000,"deletedAt":null,"id":1,"isDefault":true,"number":"920,3535-3544-0242","ownerIdentifier":"char2:f3f6403e41106442b3bbe752334eb742293c8f50","role":"owner","type":"personal","updatedAt":"2023-05-04T14:08:45.000Z"},"toAccountId":1,"type":"Transfer","updatedAt":"2023-05-04T14:08:05.000Z"},{"amount":1000,"createdAt":1683209244000,"fromAccount":{"accountName":"Compte personnel","balance":858080,"createdAt":1683208950000,"deletedAt":null,"id":1,"isDefault":true,"number":"920,3535-3544-0242","ownerIdentifier":"char2:f3f6403e41106442b3bbe752334eb742293c8f50","role":"owner","type":"personal","updatedAt":"2023-05-04T14:08:45.000Z"},"fromAccountId":1,"id":3,"message":"Nouveau compte ouvert #3","toAccount":null,"toAccountId":null,"type":"Outgoing","updatedAt":"2023-05-04T14:07:24.000Z"},{"amount":1000,"createdAt":1683209208000,"fromAccount":{"accountName":"Compte personnel","balance":858080,"createdAt":1683208950000,"deletedAt":null,"id":1,"isDefault":true,"number":"920,3535-3544-0242","ownerIdentifier":"char2:f3f6403e41106442b3bbe752334eb742293c8f50","role":"owner","type":"personal","updatedAt":"2023-05-04T14:08:45.000Z"},"fromAccountId":1,"id":2,"message":"Nouveau compte ouvert #2","toAccount":null,"toAccountId":null,"type":"Outgoing","updatedAt":"2023-05-04T14:06:48.000Z"},{"amount":100000,"createdAt":1683209117000,"fromAccount":null,"fromAccountId":null,"id":1,"message":"Déposé 100 000 $US sur le compte. #1","toAccount":{"accountName":"Compte personnel","balance":858080,"createdAt":1683208950000,"deletedAt":null,"id":1,"isDefault":true,"number":"920,3535-3544-0242","ownerIdentifier":"char2:f3f6403e41106442b3bbe752334eb742293c8f50","role":"owner","type":"personal","updatedAt":"2023-05-04T14:08:45.000Z"},"toAccountId":1,"type":"Incoming","updatedAt":"2023-05-04T14:05:17.000Z"}]},"status":"ok"},"module":"events","timestamp":"2023-05-04T14:08:45.576Z"}
{"level":"debug","message":"Unloading player for pefcl with export","module":"user","timestamp":"2023-05-04T14:15:24.007Z"}
{"level":"debug","message":1,"module":"user","timestamp":"2023-05-04T14:15:24.007Z"}
{"level":"debug","message":"Player unloaded, emitting: pefcl:userUnloaded","module":"user","timestamp":"2023-05-04T14:15:24.007Z"}
{"level":"info","message":"Framework integration is enabled.","module":"boot","timestamp":"2023-05-04T14:15:34.002Z"}
{"level":"info","message":"Starting pefcl.","module":"boot","timestamp":"2023-05-04T14:15:34.003Z"}
{"level":"info","message":"Framework integration is enabled.","module":"boot","timestamp":"2023-05-04T14:25:29.499Z"}
{"level":"info","message":"Starting pefcl.","module":"boot","timestamp":"2023-05-04T14:25:29.501Z"}
{"level":"error","message":"Missing account","module":"accounts","timestamp":"2023-05-04T14:26:44.995Z"}
{"level":"error","message":"Missing shared account.","module":"accounts","timestamp":"2023-05-04T14:27:00.199Z"}
{"level":"error","message":"Failed to remove user from unique account","module":"accounts","timestamp":"2023-05-04T14:27:00.199Z"}
{"level":"info","message":"Framework integration is enabled.","module":"boot","timestamp":"2023-05-04T14:30:45.678Z"}
{"level":"info","message":"Starting pefcl.","module":"boot","timestamp":"2023-05-04T14:30:45.680Z"}
{"level":"error","message":"Missing account","module":"accounts","timestamp":"2023-05-04T14:32:02.061Z"}
{"level":"info","message":"Framework integration is enabled.","module":"boot","timestamp":"2023-05-04T14:37:55.289Z"}
{"level":"info","message":"Starting pefcl.","module":"boot","timestamp":"2023-05-04T14:37:55.291Z"}
{"level":"error","message":"Missing account","module":"accounts","timestamp":"2023-05-04T14:38:49.305Z"}
{"level":"error","message":"Missing account","module":"accounts","timestamp":"2023-05-04T14:46:24.530Z"}
{"level":"error","message":"Missing shared account.","module":"accounts","timestamp":"2023-05-04T14:46:27.852Z"}
{"level":"error","message":"Failed to remove user from unique account","module":"accounts","timestamp":"2023-05-04T14:46:27.853Z"}
{"level":"info","message":"Framework integration is enabled.","module":"boot","timestamp":"2023-05-04T14:46:59.300Z"}
{"level":"info","message":"Starting pefcl.","module":"boot","timestamp":"2023-05-04T14:46:59.304Z"}
{"level":"info","message":"Framework integration is enabled.","module":"boot","timestamp":"2023-05-04T14:51:56.640Z"}
{"level":"info","message":"Starting pefcl.","module":"boot","timestamp":"2023-05-04T14:51:56.642Z"}
{"level":"info","message":"Framework integration is enabled.","module":"boot","timestamp":"2023-05-04T14:55:33.776Z"}
{"level":"info","message":"Starting pefcl.","module":"boot","timestamp":"2023-05-04T14:55:33.778Z"}
